2024-06-27 19:00:33 debug: CHAIN_ID: 165 ORDER_ID: 60422271     || BUY  2     UNIUSDT              IS_FIRST_ORDER: true , PREV_PRICE: 9.06200     , CURR_PRICE: 9.53300     , PERCENT_CHANGE: 5.20%   , POSITION_AMT: 15     , AMOUNT: 19.066    , QUANTITY_PRECISION: 0 , TIMESTAMP: 2024-06-27 19:00:33
2024-06-27 19:00:33 debug: CHAIN_ID: 165 ORDER_ID: 141090417    || BUY  0.008 MKRUSDT              IS_FIRST_ORDER: true , PREV_PRICE: 2166.00000  , CURR_PRICE: 2559.40000  , PERCENT_CHANGE: 18.16%  , POSITION_AMT: 0      , AMOUNT: 20.475    , QUANTITY_PRECISION: 3 , TIMESTAMP: 2024-06-27 19:00:33
2024-06-27 19:00:33 debug: CHAIN_ID: 165 ORDER_ID: 18331793     || BUY  13    FETUSDT              IS_FIRST_ORDER: true , PREV_PRICE: 1.47110     , CURR_PRICE: 1.51110     , PERCENT_CHANGE: 2.72%   , POSITION_AMT: 0      , AMOUNT: 19.644    , QUANTITY_PRECISION: 0 , TIMESTAMP: 2024-06-27 19:00:33
2024-06-27 19:00:33 debug: CHAIN_ID: 165 ORDER_ID: 153790993    || BUY  0.118 XMRUSDT              IS_FIRST_ORDER: true , PREV_PRICE: 155.00000   , CURR_PRICE: 170.00000   , PERCENT_CHANGE: 9.68%   , POSITION_AMT: 32.188 , AMOUNT: 20.060    , QUANTITY_PRECISION: 3 , TIMESTAMP: 2024-06-27 19:00:33
2024-06-27 19:00:33 debug: CHAIN_ID: 165 ORDER_ID: 3006860      || BUY  7     UMAUSDT              IS_FIRST_ORDER: true , PREV_PRICE: 2.40000     , CURR_PRICE: 2.83000     , PERCENT_CHANGE: 17.92%  , POSITION_AMT: 0      , AMOUNT: 19.810    , QUANTITY_PRECISION: 0 , TIMESTAMP: 2024-06-27 19:00:33
2024-06-27 19:00:33 debug: CHAIN_ID: 165 ORDER_ID: 501008       || BUY  127   1000RATSUSDT         IS_FIRST_ORDER: true , PREV_PRICE: 0.09100     , CURR_PRICE: 0.15780     , PERCENT_CHANGE: 73.41%  , POSITION_AMT: 0      , AMOUNT: 20.041    , QUANTITY_PRECISION: 0 , TIMESTAMP: 2024-06-27 19:00:33
2024-06-27 19:00:33 debug: CHAIN_ID: 165 ORDER_ID: 710288898    || BUY  0.930 ZECUSDT              IS_FIRST_ORDER: true , PREV_PRICE: 20.00000    , CURR_PRICE: 21.50000    , PERCENT_CHANGE: 7.50%   , POSITION_AMT: 0      , AMOUNT: 19.995    , QUANTITY_PRECISION: 3 , TIMESTAMP: 2024-06-27 19:00:33
2024-06-27 19:00:33 debug: CHAIN_ID: 165 ORDER_ID: 149190       || BUY  220   TOKENUSDT            IS_FIRST_ORDER: true , PREV_PRICE: 0.09083     , CURR_PRICE: 0.09083     , PERCENT_CHANGE: 0.00%   , POSITION_AMT: 30314  , AMOUNT: 19.983    , QUANTITY_PRECISION: 0 , TIMESTAMP: 2024-06-27 19:00:33
2024-06-27 19:00:33 debug: CHAIN_ID: 165 ORDER_ID: 143749       || BUY  132   KASUSDT              IS_FIRST_ORDER: true , PREV_PRICE: 0.15161     , CURR_PRICE: 0.15161     , PERCENT_CHANGE: 0.00%   , POSITION_AMT: 0      , AMOUNT: 20.013    , QUANTITY_PRECISION: 0 , TIMESTAMP: 2024-06-27 19:00:33
2024-06-27 19:00:33 debug: CHAIN_ID: 165 ORDER_ID: 18925584     || BUY  3868  STMXUSDT             IS_FIRST_ORDER: true , PREV_PRICE: 0.00465     , CURR_PRICE: 0.00517     , PERCENT_CHANGE: 11.18%  , POSITION_AMT: 0      , AMOUNT: 19.998    , QUANTITY_PRECISION: 0 , TIMESTAMP: 2024-06-27 19:00:33
2024-06-27 19:00:33 debug: CHAIN_ID: 165 ORDER_ID: 262145       || BUY  0.5   ORDIUSDT             IS_FIRST_ORDER: true , PREV_PRICE: 38.15400    , CURR_PRICE: 38.85700    , PERCENT_CHANGE: 1.84%   , POSITION_AMT: 0      , AMOUNT: 19.428    , QUANTITY_PRECISION: 1 , TIMESTAMP: 2024-06-27 19:00:33
2024-06-27 19:00:33 debug: CHAIN_ID: 165 ORDER_ID: 17551647     || BUY  57    SANDUSDT             IS_FIRST_ORDER: true , PREV_PRICE: 0.33010     , CURR_PRICE: 0.35000     , PERCENT_CHANGE: 6.03%   , POSITION_AMT: 0      , AMOUNT: 19.950    , QUANTITY_PRECISION: 0 , TIMESTAMP: 2024-06-27 19:00:33
2024-06-27 19:00:33 debug: CHAIN_ID: 165 ORDER_ID: 7008752      || BUY  19.1  BNXUSDT              IS_FIRST_ORDER: true , PREV_PRICE: 1.00000     , CURR_PRICE: 1.04500     , PERCENT_CHANGE: 4.50%   , POSITION_AMT: 0      , AMOUNT: 19.959    , QUANTITY_PRECISION: 1 , TIMESTAMP: 2024-06-27 19:00:33
2024-06-27 19:00:33 debug: CHAIN_ID: 165 ORDER_ID: 4761324      || SELL 10753 XVGUSDT              IS_FIRST_ORDER: true , PREV_PRICE: 0.00465     , CURR_PRICE: 0.00398     , PERCENT_CHANGE: -14.45% , POSITION_AMT: 21505  , AMOUNT: 42.775    , QUANTITY_PRECISION: 0 , TIMESTAMP: 2024-06-27 19:00:33
2024-06-27 19:00:33 debug: CHAIN_ID: 165 ORDER_ID: 14907        || BUY  4420  TURBOUSDT            IS_FIRST_ORDER: true , PREV_PRICE: 0.00420     , CURR_PRICE: 0.00453     , PERCENT_CHANGE: 7.79%   , POSITION_AMT: 23821  , AMOUNT: 20.001    , QUANTITY_PRECISION: 0 , TIMESTAMP: 2024-06-27 19:00:33
2024-06-27 19:00:33 debug: CHAIN_ID: 165 ORDER_ID: 55610929     || BUY  3.3   DOTUSDT              IS_FIRST_ORDER: true , PREV_PRICE: 5.86800     , CURR_PRICE: 6.00000     , PERCENT_CHANGE: 2.25%   , POSITION_AMT: 0      , AMOUNT: 19.800    , QUANTITY_PRECISION: 1 , TIMESTAMP: 2024-06-27 19:00:33
2024-06-27 19:00:33 debug: CHAIN_ID: 165 ORDER_ID: 16390145     || BUY  16    MTLUSDT              IS_FIRST_ORDER: true , PREV_PRICE: 1.00040     , CURR_PRICE: 1.28610     , PERCENT_CHANGE: 28.56%  , POSITION_AMT: 0      , AMOUNT: 20.578    , QUANTITY_PRECISION: 0 , TIMESTAMP: 2024-06-27 19:00:33
2024-06-27 19:00:33 debug: CHAIN_ID: 165 ORDER_ID: 6171854      || SELL 1586  JASMYUSDT            IS_FIRST_ORDER: true , PREV_PRICE: 0.03080     , CURR_PRICE: 0.03000     , PERCENT_CHANGE: -2.60%  , POSITION_AMT: 3172   , AMOUNT: 47.580    , QUANTITY_PRECISION: 0 , TIMESTAMP: 2024-06-27 19:00:33
2024-06-27 19:00:33 debug: CHAIN_ID: 165 ORDER_ID: 13966513     || BUY  24.2  LITUSDT              IS_FIRST_ORDER: true , PREV_PRICE: 0.78000     , CURR_PRICE: 0.82600     , PERCENT_CHANGE: 5.90%   , POSITION_AMT: 0      , AMOUNT: 19.989    , QUANTITY_PRECISION: 1 , TIMESTAMP: 2024-06-27 19:00:33
2024-06-27 19:00:33 debug: CHAIN_ID: 165 ORDER_ID: 479006417    || BUY  0.03  BNBUSDT              IS_FIRST_ORDER: true , PREV_PRICE: 598.33000   , CURR_PRICE: 620.00000   , PERCENT_CHANGE: 3.62%   , POSITION_AMT: 0      , AMOUNT: 18.600    , QUANTITY_PRECISION: 2 , TIMESTAMP: 2024-06-27 19:00:33
2024-06-27 19:00:33 debug: CHAIN_ID: 165 ORDER_ID: 11881698     || BUY  802   TUSDT                IS_FIRST_ORDER: true , PREV_PRICE: 0.02495     , CURR_PRICE: 0.02495     , PERCENT_CHANGE: 0.00%   , POSITION_AMT: 0      , AMOUNT: 20.010    , QUANTITY_PRECISION: 0 , TIMESTAMP: 2024-06-27 19:00:33
2024-06-27 19:00:52 info: orderId: 16164594, symbol: INJUSDT, quantity: 0.3, side: SELL
2024-06-27 19:00:52 info: orderId: 479006419, symbol: BNBUSDT, quantity: 0.03, side: SELL
2024-06-27 19:00:52 info: -4131 - The counterparty's best price does not meet the PERCENT_PRICE filter limit., symbol: XMRUSDT, quantity: 32.306, side: SELL
2024-06-27 19:00:52 info: -4131 - The counterparty's best price does not meet the PERCENT_PRICE filter limit., symbol: IOTXUSDT, quantity: 1901, side: SELL
2024-06-27 19:00:52 info: -4131 - The counterparty's best price does not meet the PERCENT_PRICE filter limit., symbol: UMAUSDT, quantity: 7, side: SELL
2024-06-27 19:00:52 info: -4131 - The counterparty's best price does not meet the PERCENT_PRICE filter limit., symbol: BNXUSDT, quantity: 19.1, side: SELL
2024-06-27 19:00:52 info: -4131 - The counterparty's best price does not meet the PERCENT_PRICE filter limit., symbol: MTLUSDT, quantity: 16, side: SELL
2024-06-27 19:00:52 info: -4131 - The counterparty's best price does not meet the PERCENT_PRICE filter limit., symbol: STMXUSDT, quantity: 3868, side: SELL
2024-06-27 19:00:52 info: -4131 - The counterparty's best price does not meet the PERCENT_PRICE filter limit., symbol: KNCUSDT, quantity: 185, side: SELL
2024-06-27 19:00:52 info: orderId: 6120271, symbol: ENSUSDT, quantity: 3.7, side: SELL
2024-06-27 19:00:52 info: -4131 - The counterparty's best price does not meet the PERCENT_PRICE filter limit., symbol: ZECUSDT, quantity: 0.93, side: SELL
2024-06-27 19:00:52 info: -4131 - The counterparty's best price does not meet the PERCENT_PRICE filter limit., symbol: TUSDT, quantity: 802, side: SELL
2024-06-27 19:00:52 info: -4131 - The counterparty's best price does not meet the PERCENT_PRICE filter limit., symbol: DOTUSDT, quantity: 3.3, side: SELL
2024-06-27 19:00:52 info: -4164 - Order's notional must be no smaller than 5 (unless you choose reduce only)., symbol: LSKUSDT, quantity: 1, side: SELL
2024-06-27 19:00:52 info: -4131 - The counterparty's best price does not meet the PERCENT_PRICE filter limit., symbol: LITUSDT, quantity: 24.2, side: SELL
2024-06-27 19:00:52 info: orderId: 262147, symbol: ORDIUSDT, quantity: 0.5, side: SELL
2024-06-27 19:00:52 info: orderId: 17551648, symbol: SANDUSDT, quantity: 57, side: SELL
2024-06-27 19:00:52 info: orderId: 6171855, symbol: JASMYUSDT, quantity: 1586, side: SELL
2024-06-27 19:00:52 info: -4131 - The counterparty's best price does not meet the PERCENT_PRICE filter limit., symbol: PHBUSDT, quantity: 552, side: SELL
2024-06-27 19:00:52 info: -4164 - Order's notional must be no smaller than 5 (unless you choose reduce only)., symbol: SUIUSDT, quantity: 0.7, side: SELL
2024-06-27 19:00:52 info: -4131 - The counterparty's best price does not meet the PERCENT_PRICE filter limit., symbol: DENTUSDT, quantity: 91075, side: SELL
2024-06-27 19:00:52 info: -4131 - The counterparty's best price does not meet the PERCENT_PRICE filter limit., symbol: CKBUSDT, quantity: 9453, side: SELL
2024-06-27 19:00:52 info: -4131 - The counterparty's best price does not meet the PERCENT_PRICE filter limit., symbol: SSVUSDT, quantity: 3.63, side: SELL
2024-06-27 19:00:52 info: -4131 - The counterparty's best price does not meet the PERCENT_PRICE filter limit., symbol: TOKENUSDT, quantity: 30534, side: SELL
2024-06-27 19:00:52 info: orderId: 46001154, symbol: NEARUSDT, quantity: 42, side: SELL
2024-06-27 19:00:52 info: -4131 - The counterparty's best price does not meet the PERCENT_PRICE filter limit., symbol: TURBOUSDT, quantity: 28241, side: SELL
2024-06-27 19:00:52 info: orderId: 4761327, symbol: XVGUSDT, quantity: 10752, side: SELL
2024-06-27 19:00:52 info: -4131 - The counterparty's best price does not meet the PERCENT_PRICE filter limit., symbol: MKRUSDT, quantity: 0.008, side: SELL
2024-06-27 19:00:52 info: -4131 - The counterparty's best price does not meet the PERCENT_PRICE filter limit., symbol: UNIUSDT, quantity: 17, side: SELL
2024-06-27 19:00:52 info: -4131 - The counterparty's best price does not meet the PERCENT_PRICE filter limit., symbol: 1000PEPEUSDT, quantity: 1338, side: SELL
2024-06-27 19:00:52 info: -4131 - The counterparty's best price does not meet the PERCENT_PRICE filter limit., symbol: 1000RATSUSDT, quantity: 127, side: SELL
2024-06-27 19:00:52 info: -4131 - The counterparty's best price does not meet the PERCENT_PRICE filter limit., symbol: FETUSDT, quantity: 13, side: SELL
2024-06-27 19:00:52 info: orderId: 62121, symbol: SUPERUSDT, quantity: 66, side: SELL
2024-06-27 19:00:52 info: -4131 - The counterparty's best price does not meet the PERCENT_PRICE filter limit., symbol: KASUSDT, quantity: 132, side: SELL
2024-06-27 19:00:53 debug: CHAIN_ID: 165 ORDER_ID: 262148       || BUY  0.5   ORDIUSDT             IS_FIRST_ORDER: false, PREV_PRICE: 38.85700    , CURR_PRICE: 41.00000    , PERCENT_CHANGE: 5.52%   , POSITION_AMT: 0.5    , AMOUNT: 20.500    , QUANTITY_PRECISION: 1 , TIMESTAMP: 2024-06-27 19:00:53
2024-06-27 19:00:58 info: -4131 - The counterparty's best price does not meet the PERCENT_PRICE filter limit., symbol: XMRUSDT, quantity: 32.306, side: SELL
2024-06-27 19:00:58 info: -4131 - The counterparty's best price does not meet the PERCENT_PRICE filter limit., symbol: IOTXUSDT, quantity: 1901, side: SELL
2024-06-27 19:00:58 info: -4131 - The counterparty's best price does not meet the PERCENT_PRICE filter limit., symbol: UMAUSDT, quantity: 7, side: SELL
2024-06-27 19:00:58 info: -4131 - The counterparty's best price does not meet the PERCENT_PRICE filter limit., symbol: BNXUSDT, quantity: 19.1, side: SELL
2024-06-27 19:00:58 info: -4131 - The counterparty's best price does not meet the PERCENT_PRICE filter limit., symbol: MTLUSDT, quantity: 16, side: SELL
2024-06-27 19:00:58 info: -4131 - The counterparty's best price does not meet the PERCENT_PRICE filter limit., symbol: STMXUSDT, quantity: 3868, side: SELL
2024-06-27 19:00:58 info: -4131 - The counterparty's best price does not meet the PERCENT_PRICE filter limit., symbol: KNCUSDT, quantity: 185, side: SELL
2024-06-27 19:00:58 info: -4131 - The counterparty's best price does not meet the PERCENT_PRICE filter limit., symbol: ZECUSDT, quantity: 0.93, side: SELL
2024-06-27 19:00:58 info: -4131 - The counterparty's best price does not meet the PERCENT_PRICE filter limit., symbol: TUSDT, quantity: 802, side: SELL
2024-06-27 19:00:58 info: -4131 - The counterparty's best price does not meet the PERCENT_PRICE filter limit., symbol: DOTUSDT, quantity: 3.3, side: SELL
2024-06-27 19:00:58 info: -4164 - Order's notional must be no smaller than 5 (unless you choose reduce only)., symbol: LSKUSDT, quantity: 1, side: SELL
2024-06-27 19:00:58 info: -4131 - The counterparty's best price does not meet the PERCENT_PRICE filter limit., symbol: LITUSDT, quantity: 24.2, side: SELL
2024-06-27 19:00:58 info: orderId: 262149, symbol: ORDIUSDT, quantity: 0.5, side: SELL
2024-06-27 19:00:58 info: -4131 - The counterparty's best price does not meet the PERCENT_PRICE filter limit., symbol: PHBUSDT, quantity: 552, side: SELL
2024-06-27 19:00:58 info: -4164 - Order's notional must be no smaller than 5 (unless you choose reduce only)., symbol: SUIUSDT, quantity: 0.7, side: SELL
2024-06-27 19:00:58 info: -4131 - The counterparty's best price does not meet the PERCENT_PRICE filter limit., symbol: DENTUSDT, quantity: 91075, side: SELL
2024-06-27 19:00:58 info: -4131 - The counterparty's best price does not meet the PERCENT_PRICE filter limit., symbol: CKBUSDT, quantity: 9453, side: SELL
2024-06-27 19:00:58 info: -4131 - The counterparty's best price does not meet the PERCENT_PRICE filter limit., symbol: SSVUSDT, quantity: 3.63, side: SELL
2024-06-27 19:00:58 info: -4131 - The counterparty's best price does not meet the PERCENT_PRICE filter limit., symbol: TOKENUSDT, quantity: 30534, side: SELL
2024-06-27 19:00:58 info: -4131 - The counterparty's best price does not meet the PERCENT_PRICE filter limit., symbol: TURBOUSDT, quantity: 28241, side: SELL
2024-06-27 19:00:58 info: -4131 - The counterparty's best price does not meet the PERCENT_PRICE filter limit., symbol: MKRUSDT, quantity: 0.008, side: SELL
2024-06-27 19:00:58 info: -4131 - The counterparty's best price does not meet the PERCENT_PRICE filter limit., symbol: UNIUSDT, quantity: 17, side: SELL
2024-06-27 19:00:58 info: -4131 - The counterparty's best price does not meet the PERCENT_PRICE filter limit., symbol: 1000PEPEUSDT, quantity: 1338, side: SELL
2024-06-27 19:00:58 info: -4131 - The counterparty's best price does not meet the PERCENT_PRICE filter limit., symbol: 1000RATSUSDT, quantity: 127, side: SELL
2024-06-27 19:00:58 info: -4131 - The counterparty's best price does not meet the PERCENT_PRICE filter limit., symbol: FETUSDT, quantity: 13, side: SELL
2024-06-27 19:00:58 info: -4131 - The counterparty's best price does not meet the PERCENT_PRICE filter limit., symbol: KASUSDT, quantity: 132, side: SELL
2024-06-27 19:04:42 error: NAME: TypeError | MESSAGE: Cannot read properties of undefined (reading 'data') | CAUSE: undefined | STACK: at async Timeout._onTimeout (/home/ann/Documents/freelancer/bot-binance/server/src/loaders/create-interval.ts:42:25)  -  at processTicksAndRejections (node:internal/process/task_queues:95:5)  -  at Object.getPositions (/home/ann/Documents/freelancer/bot-binance/server/src/services/binance.service.ts:55:15)
2024-06-27 19:07:12 debug: CHAIN_ID: 166 ORDER_ID: 1517018      || BUY  108696 1000SATSUSDT         IS_FIRST_ORDER: true , PREV_PRICE: 0.00017     , CURR_PRICE: 0.00018     , PERCENT_CHANGE: 5.14%   , POSITION_AMT: 0      , AMOUNT: 20.000    , QUANTITY_PRECISION: 0 , TIMESTAMP: 2024-06-27 19:07:12
2024-06-27 19:07:12 debug: CHAIN_ID: 166 ORDER_ID: 60422274     || BUY  2     UNIUSDT              IS_FIRST_ORDER: true , PREV_PRICE: 9.06200     , CURR_PRICE: 9.53300     , PERCENT_CHANGE: 5.20%   , POSITION_AMT: 17     , AMOUNT: 19.066    , QUANTITY_PRECISION: 0 , TIMESTAMP: 2024-06-27 19:07:12
2024-06-27 19:07:12 debug: CHAIN_ID: 166 ORDER_ID: 141090428    || BUY  0.008 MKRUSDT              IS_FIRST_ORDER: true , PREV_PRICE: 2166.00000  , CURR_PRICE: 2521.00000  , PERCENT_CHANGE: 16.39%  , POSITION_AMT: 0.008  , AMOUNT: 20.168    , QUANTITY_PRECISION: 3 , TIMESTAMP: 2024-06-27 19:07:12
2024-06-27 19:07:12 debug: CHAIN_ID: 166 ORDER_ID: 18331801     || BUY  13    FETUSDT              IS_FIRST_ORDER: true , PREV_PRICE: 1.47110     , CURR_PRICE: 1.51110     , PERCENT_CHANGE: 2.72%   , POSITION_AMT: 13     , AMOUNT: 19.644    , QUANTITY_PRECISION: 0 , TIMESTAMP: 2024-06-27 19:07:12
2024-06-27 19:07:12 debug: CHAIN_ID: 166 ORDER_ID: 153791003    || BUY  0.118 XMRUSDT              IS_FIRST_ORDER: true , PREV_PRICE: 155.00000   , CURR_PRICE: 170.00000   , PERCENT_CHANGE: 9.68%   , POSITION_AMT: 32.306 , AMOUNT: 20.060    , QUANTITY_PRECISION: 3 , TIMESTAMP: 2024-06-27 19:07:12
2024-06-27 19:07:12 debug: CHAIN_ID: 166 ORDER_ID: 1038683149   || BUY  0.049 BCHUSDT              IS_FIRST_ORDER: true , PREV_PRICE: 395.45000   , CURR_PRICE: 410.00000   , PERCENT_CHANGE: 3.68%   , POSITION_AMT: 0      , AMOUNT: 20.090    , QUANTITY_PRECISION: 3 , TIMESTAMP: 2024-06-27 19:07:12
2024-06-27 19:07:12 debug: CHAIN_ID: 166 ORDER_ID: 3006869      || BUY  7     UMAUSDT              IS_FIRST_ORDER: true , PREV_PRICE: 2.40000     , CURR_PRICE: 2.83000     , PERCENT_CHANGE: 17.92%  , POSITION_AMT: 7      , AMOUNT: 19.810    , QUANTITY_PRECISION: 0 , TIMESTAMP: 2024-06-27 19:07:12
2024-06-27 19:07:12 debug: CHAIN_ID: 166 ORDER_ID: 501012       || BUY  127   1000RATSUSDT         IS_FIRST_ORDER: true , PREV_PRICE: 0.09100     , CURR_PRICE: 0.15780     , PERCENT_CHANGE: 73.41%  , POSITION_AMT: 127    , AMOUNT: 20.041    , QUANTITY_PRECISION: 0 , TIMESTAMP: 2024-06-27 19:07:12
2024-06-27 19:07:12 debug: CHAIN_ID: 166 ORDER_ID: 710288904    || BUY  0.930 ZECUSDT              IS_FIRST_ORDER: true , PREV_PRICE: 20.00000    , CURR_PRICE: 21.50000    , PERCENT_CHANGE: 7.50%   , POSITION_AMT: 0.93   , AMOUNT: 19.995    , QUANTITY_PRECISION: 3 , TIMESTAMP: 2024-06-27 19:07:12
2024-06-27 19:07:12 debug: CHAIN_ID: 166 ORDER_ID: 149193       || BUY  220   TOKENUSDT            IS_FIRST_ORDER: true , PREV_PRICE: 0.09083     , CURR_PRICE: 0.09083     , PERCENT_CHANGE: 0.00%   , POSITION_AMT: 30534  , AMOUNT: 19.983    , QUANTITY_PRECISION: 0 , TIMESTAMP: 2024-06-27 19:07:12
2024-06-27 19:07:12 debug: CHAIN_ID: 166 ORDER_ID: 18925590     || BUY  3868  STMXUSDT             IS_FIRST_ORDER: true , PREV_PRICE: 0.00465     , CURR_PRICE: 0.00517     , PERCENT_CHANGE: 11.18%  , POSITION_AMT: 3868   , AMOUNT: 19.998    , QUANTITY_PRECISION: 0 , TIMESTAMP: 2024-06-27 19:07:12
2024-06-27 19:07:12 debug: CHAIN_ID: 166 ORDER_ID: 262157       || BUY  0.5   ORDIUSDT             IS_FIRST_ORDER: true , PREV_PRICE: 38.15400    , CURR_PRICE: 39.15000    , PERCENT_CHANGE: 2.61%   , POSITION_AMT: 0      , AMOUNT: 19.575    , QUANTITY_PRECISION: 1 , TIMESTAMP: 2024-06-27 19:07:12
2024-06-27 19:07:12 debug: CHAIN_ID: 166 ORDER_ID: 7008762      || BUY  19.4  BNXUSDT              IS_FIRST_ORDER: true , PREV_PRICE: 1.00000     , CURR_PRICE: 1.02900     , PERCENT_CHANGE: 2.90%   , POSITION_AMT: 19.1   , AMOUNT: 19.963    , QUANTITY_PRECISION: 1 , TIMESTAMP: 2024-06-27 19:07:12
2024-06-27 19:07:12 debug: CHAIN_ID: 166 ORDER_ID: 69278        || BUY  1213  NOTUSDT              IS_FIRST_ORDER: true , PREV_PRICE: 0.01500     , CURR_PRICE: 0.01649     , PERCENT_CHANGE: 9.96%   , POSITION_AMT: 0      , AMOUNT: 20.007    , QUANTITY_PRECISION: 0 , TIMESTAMP: 2024-06-27 19:07:12
2024-06-27 19:07:12 debug: CHAIN_ID: 166 ORDER_ID: 11232969     || BUY  2.9   APTUSDT              IS_FIRST_ORDER: true , PREV_PRICE: 7.00100     , CURR_PRICE: 7.01500     , PERCENT_CHANGE: 0.20%   , POSITION_AMT: 0      , AMOUNT: 20.343    , QUANTITY_PRECISION: 1 , TIMESTAMP: 2024-06-27 19:07:12
2024-06-27 19:07:12 debug: CHAIN_ID: 166 ORDER_ID: 14910        || BUY  4368  TURBOUSDT            IS_FIRST_ORDER: true , PREV_PRICE: 0.00420     , CURR_PRICE: 0.00458     , PERCENT_CHANGE: 9.08%   , POSITION_AMT: 28241  , AMOUNT: 20.001    , QUANTITY_PRECISION: 0 , TIMESTAMP: 2024-06-27 19:07:12
2024-06-27 19:07:12 debug: CHAIN_ID: 166 ORDER_ID: 55610952     || BUY  3.3   DOTUSDT              IS_FIRST_ORDER: true , PREV_PRICE: 5.86800     , CURR_PRICE: 6.00000     , PERCENT_CHANGE: 2.25%   , POSITION_AMT: 3.3    , AMOUNT: 19.800    , QUANTITY_PRECISION: 1 , TIMESTAMP: 2024-06-27 19:07:12
2024-06-27 19:07:12 debug: CHAIN_ID: 166 ORDER_ID: 16390149     || BUY  16    MTLUSDT              IS_FIRST_ORDER: true , PREV_PRICE: 1.00040     , CURR_PRICE: 1.28610     , PERCENT_CHANGE: 28.56%  , POSITION_AMT: 16     , AMOUNT: 20.578    , QUANTITY_PRECISION: 0 , TIMESTAMP: 2024-06-27 19:07:12
2024-06-27 19:07:12 debug: CHAIN_ID: 166 ORDER_ID: 13966519     || BUY  24.2  LITUSDT              IS_FIRST_ORDER: true , PREV_PRICE: 0.78000     , CURR_PRICE: 0.82600     , PERCENT_CHANGE: 5.90%   , POSITION_AMT: 24.2   , AMOUNT: 19.989    , QUANTITY_PRECISION: 1 , TIMESTAMP: 2024-06-27 19:07:12
2024-06-27 19:07:12 debug: CHAIN_ID: 166 ORDER_ID: 11881706     || BUY  802   TUSDT                IS_FIRST_ORDER: true , PREV_PRICE: 0.02495     , CURR_PRICE: 0.02495     , PERCENT_CHANGE: 0.00%   , POSITION_AMT: 802    , AMOUNT: 20.010    , QUANTITY_PRECISION: 0 , TIMESTAMP: 2024-06-27 19:07:12
2024-06-27 19:07:31 info: -4131 - The counterparty's best price does not meet the PERCENT_PRICE filter limit., symbol: XMRUSDT, quantity: 32.424, side: SELL
2024-06-27 19:07:31 info: -4131 - The counterparty's best price does not meet the PERCENT_PRICE filter limit., symbol: IOTXUSDT, quantity: 1901, side: SELL
2024-06-27 19:07:31 info: -4131 - The counterparty's best price does not meet the PERCENT_PRICE filter limit., symbol: UMAUSDT, quantity: 14, side: SELL
2024-06-27 19:07:31 info: -4131 - The counterparty's best price does not meet the PERCENT_PRICE filter limit., symbol: BNXUSDT, quantity: 38.5, side: SELL
2024-06-27 19:07:31 info: orderId: 16390150, symbol: MTLUSDT, quantity: 32, side: SELL
2024-06-27 19:07:31 info: -4131 - The counterparty's best price does not meet the PERCENT_PRICE filter limit., symbol: STMXUSDT, quantity: 7736, side: SELL
2024-06-27 19:07:31 info: -4131 - The counterparty's best price does not meet the PERCENT_PRICE filter limit., symbol: KNCUSDT, quantity: 185, side: SELL
2024-06-27 19:07:31 info: -4131 - The counterparty's best price does not meet the PERCENT_PRICE filter limit., symbol: ZECUSDT, quantity: 1.86, side: SELL
2024-06-27 19:07:31 info: -4131 - The counterparty's best price does not meet the PERCENT_PRICE filter limit., symbol: TUSDT, quantity: 1604, side: SELL
2024-06-27 19:07:31 info: orderId: 1517019, symbol: 1000SATSUSDT, quantity: 108696, side: SELL
2024-06-27 19:07:31 info: -4131 - The counterparty's best price does not meet the PERCENT_PRICE filter limit., symbol: DOTUSDT, quantity: 6.6, side: SELL
2024-06-27 19:07:31 info: orderId: 11232971, symbol: APTUSDT, quantity: 2.9, side: SELL
2024-06-27 19:07:31 info: -4164 - Order's notional must be no smaller than 5 (unless you choose reduce only)., symbol: LSKUSDT, quantity: 1, side: SELL
2024-06-27 19:07:31 info: -4131 - The counterparty's best price does not meet the PERCENT_PRICE filter limit., symbol: LITUSDT, quantity: 48.4, side: SELL
2024-06-27 19:07:31 info: -4131 - The counterparty's best price does not meet the PERCENT_PRICE filter limit., symbol: ORDIUSDT, quantity: 0.5, side: SELL
2024-06-27 19:07:31 info: -4131 - The counterparty's best price does not meet the PERCENT_PRICE filter limit., symbol: NOTUSDT, quantity: 1213, side: SELL
2024-06-27 19:07:31 info: -4131 - The counterparty's best price does not meet the PERCENT_PRICE filter limit., symbol: PHBUSDT, quantity: 552, side: SELL
2024-06-27 19:07:31 info: -4164 - Order's notional must be no smaller than 5 (unless you choose reduce only)., symbol: SUIUSDT, quantity: 0.7, side: SELL
2024-06-27 19:07:31 info: -4131 - The counterparty's best price does not meet the PERCENT_PRICE filter limit., symbol: DENTUSDT, quantity: 91075, side: SELL
2024-06-27 19:07:31 info: -4131 - The counterparty's best price does not meet the PERCENT_PRICE filter limit., symbol: CKBUSDT, quantity: 9453, side: SELL
2024-06-27 19:07:31 info: -4131 - The counterparty's best price does not meet the PERCENT_PRICE filter limit., symbol: SSVUSDT, quantity: 3.63, side: SELL
2024-06-27 19:07:31 info: -4131 - The counterparty's best price does not meet the PERCENT_PRICE filter limit., symbol: TOKENUSDT, quantity: 30754, side: SELL
2024-06-27 19:07:31 info: orderId: 1038683150, symbol: BCHUSDT, quantity: 0.049, side: SELL
2024-06-27 19:07:31 info: -4131 - The counterparty's best price does not meet the PERCENT_PRICE filter limit., symbol: TURBOUSDT, quantity: 32609, side: SELL
2024-06-27 19:07:31 info: -4131 - The counterparty's best price does not meet the PERCENT_PRICE filter limit., symbol: MKRUSDT, quantity: 0.016, side: SELL
2024-06-27 19:07:31 info: -4131 - The counterparty's best price does not meet the PERCENT_PRICE filter limit., symbol: UNIUSDT, quantity: 19, side: SELL
2024-06-27 19:07:31 info: orderId: 3399060, symbol: 1000PEPEUSDT, quantity: 1338, side: SELL
2024-06-27 19:07:31 info: -4131 - The counterparty's best price does not meet the PERCENT_PRICE filter limit., symbol: 1000RATSUSDT, quantity: 254, side: SELL
2024-06-27 19:07:31 info: -4131 - The counterparty's best price does not meet the PERCENT_PRICE filter limit., symbol: FETUSDT, quantity: 26, side: SELL
2024-06-27 19:07:31 info: -4131 - The counterparty's best price does not meet the PERCENT_PRICE filter limit., symbol: KASUSDT, quantity: 132, side: SELL
2024-06-27 19:28:43 debug: CHAIN_ID: 167 ORDER_ID: 1517056      || BUY  110497 1000SATSUSDT         IS_FIRST_ORDER: true , PREV_PRICE: 0.00017     , CURR_PRICE: 0.00018     , PERCENT_CHANGE: 3.43%   , POSITION_AMT: 0      , AMOUNT: 20.000    , QUANTITY_PRECISION: 0 , TIMESTAMP: 2024-06-27 19:28:43
2024-06-27 19:28:43 debug: CHAIN_ID: 167 ORDER_ID: 60422277     || BUY  2     UNIUSDT              IS_FIRST_ORDER: true , PREV_PRICE: 9.06200     , CURR_PRICE: 9.53300     , PERCENT_CHANGE: 5.20%   , POSITION_AMT: 19     , AMOUNT: 19.066    , QUANTITY_PRECISION: 0 , TIMESTAMP: 2024-06-27 19:28:43
2024-06-27 19:28:43 debug: CHAIN_ID: 167 ORDER_ID: 141090454    || BUY  0.008 MKRUSDT              IS_FIRST_ORDER: true , PREV_PRICE: 2166.00000  , CURR_PRICE: 2521.00000  , PERCENT_CHANGE: 16.39%  , POSITION_AMT: 0.016  , AMOUNT: 20.168    , QUANTITY_PRECISION: 3 , TIMESTAMP: 2024-06-27 19:28:43
2024-06-27 19:28:43 debug: CHAIN_ID: 167 ORDER_ID: 18331812     || BUY  13    FETUSDT              IS_FIRST_ORDER: true , PREV_PRICE: 1.47110     , CURR_PRICE: 1.48840     , PERCENT_CHANGE: 1.18%   , POSITION_AMT: 26     , AMOUNT: 19.349    , QUANTITY_PRECISION: 0 , TIMESTAMP: 2024-06-27 19:28:43
2024-06-27 19:28:43 debug: CHAIN_ID: 167 ORDER_ID: 153791041    || BUY  0.118 XMRUSDT              IS_FIRST_ORDER: true , PREV_PRICE: 155.00000   , CURR_PRICE: 170.00000   , PERCENT_CHANGE: 9.68%   , POSITION_AMT: 32.424 , AMOUNT: 20.060    , QUANTITY_PRECISION: 3 , TIMESTAMP: 2024-06-27 19:28:43
2024-06-27 19:28:43 debug: CHAIN_ID: 167 ORDER_ID: 22130956     || BUY  6     MASKUSDT             IS_FIRST_ORDER: true , PREV_PRICE: 2.47400     , CURR_PRICE: 3.30000     , PERCENT_CHANGE: 33.39%  , POSITION_AMT: 0      , AMOUNT: 19.800    , QUANTITY_PRECISION: 0 , TIMESTAMP: 2024-06-27 19:28:43
2024-06-27 19:28:43 debug: CHAIN_ID: 167 ORDER_ID: 77309        || BUY  31    ENAUSDT              IS_FIRST_ORDER: true , PREV_PRICE: 0.56120     , CURR_PRICE: 0.65560     , PERCENT_CHANGE: 16.82%  , POSITION_AMT: 0      , AMOUNT: 20.324    , QUANTITY_PRECISION: 0 , TIMESTAMP: 2024-06-27 19:28:43
2024-06-27 19:28:43 debug: CHAIN_ID: 167 ORDER_ID: 3006891      || BUY  7     UMAUSDT              IS_FIRST_ORDER: true , PREV_PRICE: 2.40000     , CURR_PRICE: 2.83000     , PERCENT_CHANGE: 17.92%  , POSITION_AMT: 14     , AMOUNT: 19.810    , QUANTITY_PRECISION: 0 , TIMESTAMP: 2024-06-27 19:28:43
2024-06-27 19:28:43 debug: CHAIN_ID: 167 ORDER_ID: 710288919    || BUY  0.930 ZECUSDT              IS_FIRST_ORDER: true , PREV_PRICE: 20.00000    , CURR_PRICE: 21.50000    , PERCENT_CHANGE: 7.50%   , POSITION_AMT: 1.86   , AMOUNT: 19.995    , QUANTITY_PRECISION: 3 , TIMESTAMP: 2024-06-27 19:28:43
2024-06-27 19:28:43 debug: CHAIN_ID: 167 ORDER_ID: 149199       || BUY  220   TOKENUSDT            IS_FIRST_ORDER: true , PREV_PRICE: 0.09083     , CURR_PRICE: 0.09083     , PERCENT_CHANGE: 0.00%   , POSITION_AMT: 30754  , AMOUNT: 19.983    , QUANTITY_PRECISION: 0 , TIMESTAMP: 2024-06-27 19:28:43
2024-06-27 19:28:43 debug: CHAIN_ID: 167 ORDER_ID: 42031365     || BUY  91    ENJUSDT              IS_FIRST_ORDER: true , PREV_PRICE: 0.20000     , CURR_PRICE: 0.22000     , PERCENT_CHANGE: 10.00%  , POSITION_AMT: 0      , AMOUNT: 20.020    , QUANTITY_PRECISION: 0 , TIMESTAMP: 2024-06-27 19:28:43
2024-06-27 19:28:43 debug: CHAIN_ID: 167 ORDER_ID: 18925619     || BUY  3868  STMXUSDT             IS_FIRST_ORDER: true , PREV_PRICE: 0.00465     , CURR_PRICE: 0.00517     , PERCENT_CHANGE: 11.18%  , POSITION_AMT: 7736   , AMOUNT: 19.998    , QUANTITY_PRECISION: 0 , TIMESTAMP: 2024-06-27 19:28:43
2024-06-27 19:28:43 debug: CHAIN_ID: 167 ORDER_ID: 5815867      || BUY  23.6  SUIUSDT              IS_FIRST_ORDER: true , PREV_PRICE: 0.83300     , CURR_PRICE: 0.84680     , PERCENT_CHANGE: 1.66%   , POSITION_AMT: 0.7    , AMOUNT: 19.984    , QUANTITY_PRECISION: 1 , TIMESTAMP: 2024-06-27 19:28:43
2024-06-27 19:28:43 debug: CHAIN_ID: 167 ORDER_ID: 196520598    || BUY  0.77  ETCUSDT              IS_FIRST_ORDER: true , PREV_PRICE: 24.44400    , CURR_PRICE: 25.95500    , PERCENT_CHANGE: 6.18%   , POSITION_AMT: 0      , AMOUNT: 19.985    , QUANTITY_PRECISION: 2 , TIMESTAMP: 2024-06-27 19:28:43
2024-06-27 19:28:43 debug: CHAIN_ID: 167 ORDER_ID: 262203       || BUY  0.5   ORDIUSDT             IS_FIRST_ORDER: true , PREV_PRICE: 38.15400    , CURR_PRICE: 41.00000    , PERCENT_CHANGE: 7.46%   , POSITION_AMT: 0.5    , AMOUNT: 20.500    , QUANTITY_PRECISION: 1 , TIMESTAMP: 2024-06-27 19:28:43
2024-06-27 19:28:43 debug: CHAIN_ID: 167 ORDER_ID: 17551649     || BUY  57    SANDUSDT             IS_FIRST_ORDER: true , PREV_PRICE: 0.33010     , CURR_PRICE: 0.35000     , PERCENT_CHANGE: 6.03%   , POSITION_AMT: 0      , AMOUNT: 19.950    , QUANTITY_PRECISION: 0 , TIMESTAMP: 2024-06-27 19:28:43
2024-06-27 19:28:43 debug: CHAIN_ID: 167 ORDER_ID: 7008786      || BUY  19.4  BNXUSDT              IS_FIRST_ORDER: true , PREV_PRICE: 1.00000     , CURR_PRICE: 1.02900     , PERCENT_CHANGE: 2.90%   , POSITION_AMT: 38.5   , AMOUNT: 19.963    , QUANTITY_PRECISION: 1 , TIMESTAMP: 2024-06-27 19:28:43
2024-06-27 19:28:43 debug: CHAIN_ID: 167 ORDER_ID: 258316485    || BUY  39.2  XRPUSDT              IS_FIRST_ORDER: true , PREV_PRICE: 0.50400     , CURR_PRICE: 0.51000     , PERCENT_CHANGE: 1.19%   , POSITION_AMT: 0      , AMOUNT: 19.992    , QUANTITY_PRECISION: 1 , TIMESTAMP: 2024-06-27 19:28:43
2024-06-27 19:28:43 debug: CHAIN_ID: 167 ORDER_ID: 69280        || BUY  1213  NOTUSDT              IS_FIRST_ORDER: true , PREV_PRICE: 0.01500     , CURR_PRICE: 0.01649     , PERCENT_CHANGE: 9.96%   , POSITION_AMT: 1213   , AMOUNT: 20.007    , QUANTITY_PRECISION: 0 , TIMESTAMP: 2024-06-27 19:28:43
2024-06-27 19:28:43 debug: CHAIN_ID: 167 ORDER_ID: 11233024     || BUY  2.9   APTUSDT              IS_FIRST_ORDER: true , PREV_PRICE: 7.00100     , CURR_PRICE: 7.01500     , PERCENT_CHANGE: 0.20%   , POSITION_AMT: 0      , AMOUNT: 20.343    , QUANTITY_PRECISION: 1 , TIMESTAMP: 2024-06-27 19:28:43
2024-06-27 19:28:43 debug: CHAIN_ID: 167 ORDER_ID: 14912        || BUY  4368  TURBOUSDT            IS_FIRST_ORDER: true , PREV_PRICE: 0.00420     , CURR_PRICE: 0.00458     , PERCENT_CHANGE: 9.08%   , POSITION_AMT: 32609  , AMOUNT: 20.001    , QUANTITY_PRECISION: 0 , TIMESTAMP: 2024-06-27 19:28:43
2024-06-27 19:28:43 debug: CHAIN_ID: 167 ORDER_ID: 55610993     || BUY  3.4   DOTUSDT              IS_FIRST_ORDER: true , PREV_PRICE: 5.86800     , CURR_PRICE: 5.94000     , PERCENT_CHANGE: 1.23%   , POSITION_AMT: 6.6    , AMOUNT: 20.196    , QUANTITY_PRECISION: 1 , TIMESTAMP: 2024-06-27 19:28:43
2024-06-27 19:28:43 debug: CHAIN_ID: 167 ORDER_ID: 16390152     || BUY  15    MTLUSDT              IS_FIRST_ORDER: true , PREV_PRICE: 1.00040     , CURR_PRICE: 1.30540     , PERCENT_CHANGE: 30.49%  , POSITION_AMT: 0      , AMOUNT: 19.581    , QUANTITY_PRECISION: 0 , TIMESTAMP: 2024-06-27 19:28:43
2024-06-27 19:28:43 debug: CHAIN_ID: 167 ORDER_ID: 13966525     || BUY  24.2  LITUSDT              IS_FIRST_ORDER: true , PREV_PRICE: 0.78000     , CURR_PRICE: 0.82600     , PERCENT_CHANGE: 5.90%   , POSITION_AMT: 48.4   , AMOUNT: 19.989    , QUANTITY_PRECISION: 1 , TIMESTAMP: 2024-06-27 19:28:43
2024-06-27 19:28:43 debug: CHAIN_ID: 167 ORDER_ID: 3399133      || BUY  1623  1000PEPEUSDT         IS_FIRST_ORDER: true , PREV_PRICE: 0.01173     , CURR_PRICE: 0.01232     , PERCENT_CHANGE: 5.07%   , POSITION_AMT: 0      , AMOUNT: 19.998    , QUANTITY_PRECISION: 0 , TIMESTAMP: 2024-06-27 19:28:43
2024-06-27 19:28:43 debug: CHAIN_ID: 167 ORDER_ID: 11881728     || BUY  802   TUSDT                IS_FIRST_ORDER: true , PREV_PRICE: 0.02495     , CURR_PRICE: 0.02495     , PERCENT_CHANGE: 0.00%   , POSITION_AMT: 1604   , AMOUNT: 20.010    , QUANTITY_PRECISION: 0 , TIMESTAMP: 2024-06-27 19:28:43
2024-06-27 19:29:02 info: orderId: 196520600, symbol: ETCUSDT, quantity: 0.77, side: SELL
2024-06-27 19:29:02 info: -4131 - The counterparty's best price does not meet the PERCENT_PRICE filter limit., symbol: XMRUSDT, quantity: 32.542, side: SELL
2024-06-27 19:29:02 info: -4131 - The counterparty's best price does not meet the PERCENT_PRICE filter limit., symbol: IOTXUSDT, quantity: 1901, side: SELL
2024-06-27 19:29:02 info: -4131 - The counterparty's best price does not meet the PERCENT_PRICE filter limit., symbol: UMAUSDT, quantity: 21, side: SELL
2024-06-27 19:29:02 info: -4131 - The counterparty's best price does not meet the PERCENT_PRICE filter limit., symbol: BNXUSDT, quantity: 57.9, side: SELL
2024-06-27 19:29:02 info: orderId: 16390153, symbol: MTLUSDT, quantity: 15, side: SELL
2024-06-27 19:29:02 info: orderId: 77310, symbol: ENAUSDT, quantity: 31, side: SELL
2024-06-27 19:29:02 info: -4131 - The counterparty's best price does not meet the PERCENT_PRICE filter limit., symbol: STMXUSDT, quantity: 11604, side: SELL
2024-06-27 19:29:02 info: -4131 - The counterparty's best price does not meet the PERCENT_PRICE filter limit., symbol: KNCUSDT, quantity: 185, side: SELL
2024-06-27 19:29:02 info: orderId: 42031366, symbol: ENJUSDT, quantity: 91, side: SELL
2024-06-27 19:29:02 info: -4131 - The counterparty's best price does not meet the PERCENT_PRICE filter limit., symbol: ZECUSDT, quantity: 2.79, side: SELL
2024-06-27 19:29:02 info: -4131 - The counterparty's best price does not meet the PERCENT_PRICE filter limit., symbol: TUSDT, quantity: 2406, side: SELL
2024-06-27 19:29:02 info: orderId: 1517057, symbol: 1000SATSUSDT, quantity: 110497, side: SELL
2024-06-27 19:29:02 info: orderId: 258316487, symbol: XRPUSDT, quantity: 27.0, side: SELL
2024-06-27 19:29:02 info: -4131 - The counterparty's best price does not meet the PERCENT_PRICE filter limit., symbol: DOTUSDT, quantity: 10, side: SELL
2024-06-27 19:29:02 info: orderId: 11233026, symbol: APTUSDT, quantity: 2.9, side: SELL
2024-06-27 19:29:02 info: -4164 - Order's notional must be no smaller than 5 (unless you choose reduce only)., symbol: LSKUSDT, quantity: 1, side: SELL
2024-06-27 19:29:02 info: -4131 - The counterparty's best price does not meet the PERCENT_PRICE filter limit., symbol: LITUSDT, quantity: 72.6, side: SELL
2024-06-27 19:29:02 info: -4131 - The counterparty's best price does not meet the PERCENT_PRICE filter limit., symbol: ORDIUSDT, quantity: 1, side: SELL
2024-06-27 19:29:02 info: orderId: 17551650, symbol: SANDUSDT, quantity: 57, side: SELL
2024-06-27 19:29:02 info: -4131 - The counterparty's best price does not meet the PERCENT_PRICE filter limit., symbol: NOTUSDT, quantity: 2426, side: SELL
2024-06-27 19:29:02 info: -4131 - The counterparty's best price does not meet the PERCENT_PRICE filter limit., symbol: PHBUSDT, quantity: 552, side: SELL
2024-06-27 19:29:02 info: orderId: 22130957, symbol: MASKUSDT, quantity: 6, side: SELL
2024-06-27 19:29:02 info: -4131 - The counterparty's best price does not meet the PERCENT_PRICE filter limit., symbol: SUIUSDT, quantity: 24.3, side: SELL
2024-06-27 19:29:02 info: -4131 - The counterparty's best price does not meet the PERCENT_PRICE filter limit., symbol: DENTUSDT, quantity: 91075, side: SELL
2024-06-27 19:29:02 info: -4131 - The counterparty's best price does not meet the PERCENT_PRICE filter limit., symbol: CKBUSDT, quantity: 9453, side: SELL
2024-06-27 19:29:02 info: -4131 - The counterparty's best price does not meet the PERCENT_PRICE filter limit., symbol: SSVUSDT, quantity: 3.63, side: SELL
2024-06-27 19:29:02 info: -4131 - The counterparty's best price does not meet the PERCENT_PRICE filter limit., symbol: TOKENUSDT, quantity: 30974, side: SELL
2024-06-27 19:29:02 info: -4131 - The counterparty's best price does not meet the PERCENT_PRICE filter limit., symbol: TURBOUSDT, quantity: 36977, side: SELL
2024-06-27 19:29:02 info: -4131 - The counterparty's best price does not meet the PERCENT_PRICE filter limit., symbol: MKRUSDT, quantity: 0.024, side: SELL
2024-06-27 19:29:02 info: -4131 - The counterparty's best price does not meet the PERCENT_PRICE filter limit., symbol: UNIUSDT, quantity: 21, side: SELL
2024-06-27 19:29:02 info: -4164 - Order's notional must be no smaller than 5 (unless you choose reduce only)., symbol: 1000PEPEUSDT, quantity: 9, side: SELL
2024-06-27 19:29:02 info: -4131 - The counterparty's best price does not meet the PERCENT_PRICE filter limit., symbol: 1000RATSUSDT, quantity: 254, side: SELL
2024-06-27 19:29:02 info: -4131 - The counterparty's best price does not meet the PERCENT_PRICE filter limit., symbol: FETUSDT, quantity: 39, side: SELL
2024-06-27 19:29:02 info: -4131 - The counterparty's best price does not meet the PERCENT_PRICE filter limit., symbol: KASUSDT, quantity: 132, side: SELL
2024-06-27 19:31:29 debug: CHAIN_ID: 168 ORDER_ID: 1517060      || BUY  114286 1000SATSUSDT         IS_FIRST_ORDER: true , PREV_PRICE: 0.00017     , CURR_PRICE: 0.00017     , PERCENT_CHANGE: 0.00%   , POSITION_AMT: 0      , AMOUNT: 20.000    , QUANTITY_PRECISION: 0 , TIMESTAMP: 2024-06-27 19:31:29
2024-06-27 19:31:29 debug: CHAIN_ID: 168 ORDER_ID: 60422279     || BUY  2     UNIUSDT              IS_FIRST_ORDER: true , PREV_PRICE: 9.06200     , CURR_PRICE: 9.53300     , PERCENT_CHANGE: 5.20%   , POSITION_AMT: 21     , AMOUNT: 19.066    , QUANTITY_PRECISION: 0 , TIMESTAMP: 2024-06-27 19:31:29
2024-06-27 19:31:29 debug: CHAIN_ID: 168 ORDER_ID: 141090460    || BUY  0.008 MKRUSDT              IS_FIRST_ORDER: true , PREV_PRICE: 2166.00000  , CURR_PRICE: 2521.00000  , PERCENT_CHANGE: 16.39%  , POSITION_AMT: 0.024  , AMOUNT: 20.168    , QUANTITY_PRECISION: 3 , TIMESTAMP: 2024-06-27 19:31:29
2024-06-27 19:31:29 debug: CHAIN_ID: 168 ORDER_ID: 18331814     || BUY  13    FETUSDT              IS_FIRST_ORDER: true , PREV_PRICE: 1.47110     , CURR_PRICE: 1.48840     , PERCENT_CHANGE: 1.18%   , POSITION_AMT: 39     , AMOUNT: 19.349    , QUANTITY_PRECISION: 0 , TIMESTAMP: 2024-06-27 19:31:29
2024-06-27 19:31:29 debug: CHAIN_ID: 168 ORDER_ID: 153791046    || BUY  0.118 XMRUSDT              IS_FIRST_ORDER: true , PREV_PRICE: 155.00000   , CURR_PRICE: 170.00000   , PERCENT_CHANGE: 9.68%   , POSITION_AMT: 32.542 , AMOUNT: 20.060    , QUANTITY_PRECISION: 3 , TIMESTAMP: 2024-06-27 19:31:29
2024-06-27 19:31:29 debug: CHAIN_ID: 168 ORDER_ID: 22130959     || BUY  6     MASKUSDT             IS_FIRST_ORDER: true , PREV_PRICE: 2.47400     , CURR_PRICE: 3.30000     , PERCENT_CHANGE: 33.39%  , POSITION_AMT: 0      , AMOUNT: 19.800    , QUANTITY_PRECISION: 0 , TIMESTAMP: 2024-06-27 19:31:29
2024-06-27 19:31:29 debug: CHAIN_ID: 168 ORDER_ID: 77311        || BUY  30    ENAUSDT              IS_FIRST_ORDER: true , PREV_PRICE: 0.56120     , CURR_PRICE: 0.66550     , PERCENT_CHANGE: 18.59%  , POSITION_AMT: 0      , AMOUNT: 19.965    , QUANTITY_PRECISION: 0 , TIMESTAMP: 2024-06-27 19:31:29
2024-06-27 19:31:29 debug: CHAIN_ID: 168 ORDER_ID: 1038683201   || BUY  0.049 BCHUSDT              IS_FIRST_ORDER: true , PREV_PRICE: 395.45000   , CURR_PRICE: 410.00000   , PERCENT_CHANGE: 3.68%   , POSITION_AMT: 0      , AMOUNT: 20.090    , QUANTITY_PRECISION: 3 , TIMESTAMP: 2024-06-27 19:31:29
2024-06-27 19:31:29 debug: CHAIN_ID: 168 ORDER_ID: 3006896      || BUY  7     UMAUSDT              IS_FIRST_ORDER: true , PREV_PRICE: 2.40000     , CURR_PRICE: 2.83000     , PERCENT_CHANGE: 17.92%  , POSITION_AMT: 21     , AMOUNT: 19.810    , QUANTITY_PRECISION: 0 , TIMESTAMP: 2024-06-27 19:31:29
2024-06-27 19:31:29 debug: CHAIN_ID: 168 ORDER_ID: 710288921    || BUY  0.930 ZECUSDT              IS_FIRST_ORDER: true , PREV_PRICE: 20.00000    , CURR_PRICE: 21.50000    , PERCENT_CHANGE: 7.50%   , POSITION_AMT: 2.79   , AMOUNT: 19.995    , QUANTITY_PRECISION: 3 , TIMESTAMP: 2024-06-27 19:31:29
2024-06-27 19:31:29 debug: CHAIN_ID: 168 ORDER_ID: 149201       || BUY  220   TOKENUSDT            IS_FIRST_ORDER: true , PREV_PRICE: 0.09083     , CURR_PRICE: 0.09083     , PERCENT_CHANGE: 0.00%   , POSITION_AMT: 30974  , AMOUNT: 19.983    , QUANTITY_PRECISION: 0 , TIMESTAMP: 2024-06-27 19:31:29
2024-06-27 19:31:29 debug: CHAIN_ID: 168 ORDER_ID: 42031367     || BUY  91    ENJUSDT              IS_FIRST_ORDER: true , PREV_PRICE: 0.20000     , CURR_PRICE: 0.22000     , PERCENT_CHANGE: 10.00%  , POSITION_AMT: 0      , AMOUNT: 20.020    , QUANTITY_PRECISION: 0 , TIMESTAMP: 2024-06-27 19:31:29
2024-06-27 19:31:29 debug: CHAIN_ID: 168 ORDER_ID: 18925623     || BUY  3868  STMXUSDT             IS_FIRST_ORDER: true , PREV_PRICE: 0.00465     , CURR_PRICE: 0.00517     , PERCENT_CHANGE: 11.18%  , POSITION_AMT: 11604  , AMOUNT: 19.998    , QUANTITY_PRECISION: 0 , TIMESTAMP: 2024-06-27 19:31:29
2024-06-27 19:31:29 debug: CHAIN_ID: 168 ORDER_ID: 196520606    || SELL 0.37  ETCUSDT              IS_FIRST_ORDER: true , PREV_PRICE: 24.44400    , CURR_PRICE: 23.72500    , PERCENT_CHANGE: -2.94%  , POSITION_AMT: 0.74   , AMOUNT: 8.778     , QUANTITY_PRECISION: 2 , TIMESTAMP: 2024-06-27 19:31:29
2024-06-27 19:31:29 debug: CHAIN_ID: 168 ORDER_ID: 262211       || BUY  0.5   ORDIUSDT             IS_FIRST_ORDER: true , PREV_PRICE: 38.15400    , CURR_PRICE: 39.22400    , PERCENT_CHANGE: 2.80%   , POSITION_AMT: 1      , AMOUNT: 19.612    , QUANTITY_PRECISION: 1 , TIMESTAMP: 2024-06-27 19:31:29
2024-06-27 19:31:29 debug: CHAIN_ID: 168 ORDER_ID: 7008791      || BUY  19.4  BNXUSDT              IS_FIRST_ORDER: true , PREV_PRICE: 1.00000     , CURR_PRICE: 1.02900     , PERCENT_CHANGE: 2.90%   , POSITION_AMT: 57.9   , AMOUNT: 19.963    , QUANTITY_PRECISION: 1 , TIMESTAMP: 2024-06-27 19:31:29
2024-06-27 19:31:29 debug: CHAIN_ID: 168 ORDER_ID: 258316496    || BUY  38.5  XRPUSDT              IS_FIRST_ORDER: true , PREV_PRICE: 0.50400     , CURR_PRICE: 0.52000     , PERCENT_CHANGE: 3.17%   , POSITION_AMT: 0      , AMOUNT: 20.020    , QUANTITY_PRECISION: 1 , TIMESTAMP: 2024-06-27 19:31:29
2024-06-27 19:31:29 debug: CHAIN_ID: 168 ORDER_ID: 69282        || BUY  1213  NOTUSDT              IS_FIRST_ORDER: true , PREV_PRICE: 0.01500     , CURR_PRICE: 0.01649     , PERCENT_CHANGE: 9.96%   , POSITION_AMT: 2426   , AMOUNT: 20.007    , QUANTITY_PRECISION: 0 , TIMESTAMP: 2024-06-27 19:31:29
2024-06-27 19:31:29 debug: CHAIN_ID: 168 ORDER_ID: 14914        || BUY  4368  TURBOUSDT            IS_FIRST_ORDER: true , PREV_PRICE: 0.00420     , CURR_PRICE: 0.00458     , PERCENT_CHANGE: 9.08%   , POSITION_AMT: 36977  , AMOUNT: 20.001    , QUANTITY_PRECISION: 0 , TIMESTAMP: 2024-06-27 19:31:29
2024-06-27 19:31:29 debug: CHAIN_ID: 168 ORDER_ID: 55610997     || BUY  3.4   DOTUSDT              IS_FIRST_ORDER: true , PREV_PRICE: 5.86800     , CURR_PRICE: 5.93000     , PERCENT_CHANGE: 1.06%   , POSITION_AMT: 10     , AMOUNT: 20.162    , QUANTITY_PRECISION: 1 , TIMESTAMP: 2024-06-27 19:31:29
2024-06-27 19:31:29 debug: CHAIN_ID: 168 ORDER_ID: 16390154     || BUY  15    MTLUSDT              IS_FIRST_ORDER: true , PREV_PRICE: 1.00040     , CURR_PRICE: 1.30540     , PERCENT_CHANGE: 30.49%  , POSITION_AMT: 0      , AMOUNT: 19.581    , QUANTITY_PRECISION: 0 , TIMESTAMP: 2024-06-27 19:31:29
2024-06-27 19:31:29 debug: CHAIN_ID: 168 ORDER_ID: 13966527     || BUY  24.2  LITUSDT              IS_FIRST_ORDER: true , PREV_PRICE: 0.78000     , CURR_PRICE: 0.82600     , PERCENT_CHANGE: 5.90%   , POSITION_AMT: 72.6   , AMOUNT: 19.989    , QUANTITY_PRECISION: 1 , TIMESTAMP: 2024-06-27 19:31:29
2024-06-27 19:31:29 debug: CHAIN_ID: 168 ORDER_ID: 16164670     || BUY  0.8   INJUSDT              IS_FIRST_ORDER: true , PREV_PRICE: 21.10600    , CURR_PRICE: 24.06300    , PERCENT_CHANGE: 14.01%  , POSITION_AMT: 0      , AMOUNT: 19.250    , QUANTITY_PRECISION: 1 , TIMESTAMP: 2024-06-27 19:31:29
2024-06-27 19:31:29 debug: CHAIN_ID: 168 ORDER_ID: 11881735     || BUY  802   TUSDT                IS_FIRST_ORDER: true , PREV_PRICE: 0.02495     , CURR_PRICE: 0.02495     , PERCENT_CHANGE: 0.00%   , POSITION_AMT: 2406   , AMOUNT: 20.010    , QUANTITY_PRECISION: 0 , TIMESTAMP: 2024-06-27 19:31:29
2024-06-27 19:31:29 debug: CHAIN_ID: 168 ORDER_ID: 19083091     || BUY  1053  1000SHIBUSDT         IS_FIRST_ORDER: true , PREV_PRICE: 0.01841     , CURR_PRICE: 0.01900     , PERCENT_CHANGE: 3.21%   , POSITION_AMT: 0      , AMOUNT: 20.007    , QUANTITY_PRECISION: 0 , TIMESTAMP: 2024-06-27 19:31:29
2024-06-27 19:32:07 debug: CHAIN_ID: 168 ORDER_ID: 5815890      || BUY  23.6  SUIUSDT              IS_FIRST_ORDER: true , PREV_PRICE: 0.83300     , CURR_PRICE: 0.84820     , PERCENT_CHANGE: 1.82%   , POSITION_AMT: 24.3   , AMOUNT: 20.018    , QUANTITY_PRECISION: 1 , TIMESTAMP: 2024-06-27 19:32:07
2024-06-27 19:32:07 debug: CHAIN_ID: 168 ORDER_ID: 3399160      || BUY  1616  1000PEPEUSDT         IS_FIRST_ORDER: true , PREV_PRICE: 0.01173     , CURR_PRICE: 0.01237     , PERCENT_CHANGE: 5.51%   , POSITION_AMT: 9      , AMOUNT: 19.996    , QUANTITY_PRECISION: 0 , TIMESTAMP: 2024-06-27 19:32:07
2024-06-27 19:32:29 debug: CHAIN_ID: 168 ORDER_ID: 262213       || SELL 0.8   ORDIUSDT             IS_FIRST_ORDER: false, PREV_PRICE: 39.22400    , CURR_PRICE: 33.00000    , PERCENT_CHANGE: -15.87% , POSITION_AMT: 1.5    , AMOUNT: 26.400    , QUANTITY_PRECISION: 1 , TIMESTAMP: 2024-06-27 19:32:29
2024-06-27 19:32:29 debug: CHAIN_ID: 168 ORDER_ID: 479006498    || BUY  0.03  BNBUSDT              IS_FIRST_ORDER: true , PREV_PRICE: 598.33000   , CURR_PRICE: 620.00000   , PERCENT_CHANGE: 3.62%   , POSITION_AMT: 0      , AMOUNT: 18.600    , QUANTITY_PRECISION: 2 , TIMESTAMP: 2024-06-27 19:32:29
2024-06-27 19:32:43 info: -4131 - The counterparty's best price does not meet the PERCENT_PRICE filter limit., symbol: INJUSDT, quantity: 0.8, side: SELL
2024-06-27 19:32:43 info: orderId: 479006500, symbol: BNBUSDT, quantity: 0.03, side: SELL
2024-06-27 19:32:43 info: -4131 - The counterparty's best price does not meet the PERCENT_PRICE filter limit., symbol: ETCUSDT, quantity: 0.37, side: SELL
2024-06-27 19:32:43 info: -4131 - The counterparty's best price does not meet the PERCENT_PRICE filter limit., symbol: XMRUSDT, quantity: 32.66, side: SELL
2024-06-27 19:32:43 info: -4131 - The counterparty's best price does not meet the PERCENT_PRICE filter limit., symbol: IOTXUSDT, quantity: 1901, side: SELL
2024-06-27 19:32:43 info: -4131 - The counterparty's best price does not meet the PERCENT_PRICE filter limit., symbol: UMAUSDT, quantity: 28, side: SELL
2024-06-27 19:32:43 info: -4131 - The counterparty's best price does not meet the PERCENT_PRICE filter limit., symbol: BNXUSDT, quantity: 77.3, side: SELL
2024-06-27 19:32:43 info: orderId: 16390155, symbol: MTLUSDT, quantity: 15, side: SELL
2024-06-27 19:32:43 info: orderId: 77312, symbol: ENAUSDT, quantity: 30, side: SELL
2024-06-27 19:32:43 info: -4131 - The counterparty's best price does not meet the PERCENT_PRICE filter limit., symbol: STMXUSDT, quantity: 15472, side: SELL
2024-06-27 19:32:43 info: -4131 - The counterparty's best price does not meet the PERCENT_PRICE filter limit., symbol: KNCUSDT, quantity: 185, side: SELL
2024-06-27 19:32:43 info: orderId: 42031368, symbol: ENJUSDT, quantity: 91, side: SELL
2024-06-27 19:32:43 info: -4131 - The counterparty's best price does not meet the PERCENT_PRICE filter limit., symbol: ZECUSDT, quantity: 3.72, side: SELL
2024-06-27 19:32:43 info: -4131 - The counterparty's best price does not meet the PERCENT_PRICE filter limit., symbol: TUSDT, quantity: 3208, side: SELL
2024-06-27 19:32:43 info: orderId: 1517063, symbol: 1000SATSUSDT, quantity: 114286, side: SELL
2024-06-27 19:32:43 info: orderId: 258316501, symbol: XRPUSDT, quantity: 38.5, side: SELL
2024-06-27 19:32:43 info: -4131 - The counterparty's best price does not meet the PERCENT_PRICE filter limit., symbol: DOTUSDT, quantity: 13.4, side: SELL
2024-06-27 19:32:43 info: -4164 - Order's notional must be no smaller than 5 (unless you choose reduce only)., symbol: LSKUSDT, quantity: 1, side: SELL
2024-06-27 19:32:43 info: -4131 - The counterparty's best price does not meet the PERCENT_PRICE filter limit., symbol: LITUSDT, quantity: 96.8, side: SELL
2024-06-27 19:32:43 info: orderId: 262214, symbol: ORDIUSDT, quantity: 0.7, side: SELL
2024-06-27 19:32:43 info: -4131 - The counterparty's best price does not meet the PERCENT_PRICE filter limit., symbol: NOTUSDT, quantity: 3639, side: SELL
2024-06-27 19:32:43 info: -4131 - The counterparty's best price does not meet the PERCENT_PRICE filter limit., symbol: PHBUSDT, quantity: 552, side: SELL
2024-06-27 19:32:43 info: orderId: 22130960, symbol: MASKUSDT, quantity: 6, side: SELL
2024-06-27 19:32:43 info: -4131 - The counterparty's best price does not meet the PERCENT_PRICE filter limit., symbol: SUIUSDT, quantity: 47.9, side: SELL
2024-06-27 19:32:43 info: -4131 - The counterparty's best price does not meet the PERCENT_PRICE filter limit., symbol: DENTUSDT, quantity: 91075, side: SELL
2024-06-27 19:32:43 info: -4131 - The counterparty's best price does not meet the PERCENT_PRICE filter limit., symbol: CKBUSDT, quantity: 9453, side: SELL
2024-06-27 19:32:43 info: -4131 - The counterparty's best price does not meet the PERCENT_PRICE filter limit., symbol: SSVUSDT, quantity: 3.63, side: SELL
2024-06-27 19:32:43 info: -4131 - The counterparty's best price does not meet the PERCENT_PRICE filter limit., symbol: TOKENUSDT, quantity: 31194, side: SELL
2024-06-27 19:32:43 info: orderId: 1038683204, symbol: BCHUSDT, quantity: 0.049, side: SELL
2024-06-27 19:32:43 info: orderId: 19083106, symbol: 1000SHIBUSDT, quantity: 1053, side: SELL
2024-06-27 19:32:43 info: -4131 - The counterparty's best price does not meet the PERCENT_PRICE filter limit., symbol: TURBOUSDT, quantity: 41345, side: SELL
2024-06-27 19:32:43 info: -4131 - The counterparty's best price does not meet the PERCENT_PRICE filter limit., symbol: MKRUSDT, quantity: 0.032, side: SELL
2024-06-27 19:32:43 info: -4131 - The counterparty's best price does not meet the PERCENT_PRICE filter limit., symbol: UNIUSDT, quantity: 23, side: SELL
2024-06-27 19:32:43 info: -4164 - Order's notional must be no smaller than 5 (unless you choose reduce only)., symbol: 1000PEPEUSDT, quantity: 55, side: SELL
2024-06-27 19:32:43 info: -4131 - The counterparty's best price does not meet the PERCENT_PRICE filter limit., symbol: 1000RATSUSDT, quantity: 254, side: SELL
2024-06-27 19:32:43 info: -4131 - The counterparty's best price does not meet the PERCENT_PRICE filter limit., symbol: FETUSDT, quantity: 52, side: SELL
2024-06-27 19:32:43 info: -4131 - The counterparty's best price does not meet the PERCENT_PRICE filter limit., symbol: KASUSDT, quantity: 132, side: SELL
2024-06-27 19:34:48 debug: CHAIN_ID: 169 ORDER_ID: 1517075      || BUY  114286 1000SATSUSDT         IS_FIRST_ORDER: true , PREV_PRICE: 0.00017     , CURR_PRICE: 0.00017     , PERCENT_CHANGE: 0.00%   , POSITION_AMT: 0      , AMOUNT: 20.000    , QUANTITY_PRECISION: 0 , TIMESTAMP: 2024-06-27 19:34:48
2024-06-27 19:34:48 debug: CHAIN_ID: 169 ORDER_ID: 60422281     || BUY  2     UNIUSDT              IS_FIRST_ORDER: true , PREV_PRICE: 9.06200     , CURR_PRICE: 9.53300     , PERCENT_CHANGE: 5.20%   , POSITION_AMT: 23     , AMOUNT: 19.066    , QUANTITY_PRECISION: 0 , TIMESTAMP: 2024-06-27 19:34:48
2024-06-27 19:34:48 debug: CHAIN_ID: 169 ORDER_ID: 141090466    || BUY  0.008 MKRUSDT              IS_FIRST_ORDER: true , PREV_PRICE: 2166.00000  , CURR_PRICE: 2521.00000  , PERCENT_CHANGE: 16.39%  , POSITION_AMT: 0.032  , AMOUNT: 20.168    , QUANTITY_PRECISION: 3 , TIMESTAMP: 2024-06-27 19:34:48
2024-06-27 19:34:48 debug: CHAIN_ID: 169 ORDER_ID: 18331817     || BUY  13    FETUSDT              IS_FIRST_ORDER: true , PREV_PRICE: 1.47110     , CURR_PRICE: 1.48840     , PERCENT_CHANGE: 1.18%   , POSITION_AMT: 52     , AMOUNT: 19.349    , QUANTITY_PRECISION: 0 , TIMESTAMP: 2024-06-27 19:34:48
2024-06-27 19:34:48 debug: CHAIN_ID: 169 ORDER_ID: 153791053    || BUY  0.118 XMRUSDT              IS_FIRST_ORDER: true , PREV_PRICE: 155.00000   , CURR_PRICE: 170.00000   , PERCENT_CHANGE: 9.68%   , POSITION_AMT: 32.66  , AMOUNT: 20.060    , QUANTITY_PRECISION: 3 , TIMESTAMP: 2024-06-27 19:34:48
2024-06-27 19:34:48 debug: CHAIN_ID: 169 ORDER_ID: 77313        || BUY  31    ENAUSDT              IS_FIRST_ORDER: true , PREV_PRICE: 0.56120     , CURR_PRICE: 0.63940     , PERCENT_CHANGE: 13.93%  , POSITION_AMT: 0      , AMOUNT: 19.821    , QUANTITY_PRECISION: 0 , TIMESTAMP: 2024-06-27 19:34:48
2024-06-27 19:34:48 debug: CHAIN_ID: 169 ORDER_ID: 3006902      || BUY  7     UMAUSDT              IS_FIRST_ORDER: true , PREV_PRICE: 2.40000     , CURR_PRICE: 2.83000     , PERCENT_CHANGE: 17.92%  , POSITION_AMT: 28     , AMOUNT: 19.810    , QUANTITY_PRECISION: 0 , TIMESTAMP: 2024-06-27 19:34:48
2024-06-27 19:34:48 debug: CHAIN_ID: 169 ORDER_ID: 710288933    || BUY  0.930 ZECUSDT              IS_FIRST_ORDER: true , PREV_PRICE: 20.00000    , CURR_PRICE: 21.50000    , PERCENT_CHANGE: 7.50%   , POSITION_AMT: 3.72   , AMOUNT: 19.995    , QUANTITY_PRECISION: 3 , TIMESTAMP: 2024-06-27 19:34:48
2024-06-27 19:34:48 debug: CHAIN_ID: 169 ORDER_ID: 149204       || BUY  220   TOKENUSDT            IS_FIRST_ORDER: true , PREV_PRICE: 0.09083     , CURR_PRICE: 0.09083     , PERCENT_CHANGE: 0.00%   , POSITION_AMT: 31194  , AMOUNT: 19.983    , QUANTITY_PRECISION: 0 , TIMESTAMP: 2024-06-27 19:34:48
2024-06-27 19:34:48 debug: CHAIN_ID: 169 ORDER_ID: 18925626     || BUY  3868  STMXUSDT             IS_FIRST_ORDER: true , PREV_PRICE: 0.00465     , CURR_PRICE: 0.00517     , PERCENT_CHANGE: 11.18%  , POSITION_AMT: 15472  , AMOUNT: 19.998    , QUANTITY_PRECISION: 0 , TIMESTAMP: 2024-06-27 19:34:48
2024-06-27 19:34:48 debug: CHAIN_ID: 169 ORDER_ID: 7008800      || BUY  19.4  BNXUSDT              IS_FIRST_ORDER: true , PREV_PRICE: 1.00000     , CURR_PRICE: 1.02900     , PERCENT_CHANGE: 2.90%   , POSITION_AMT: 77.3   , AMOUNT: 19.963    , QUANTITY_PRECISION: 1 , TIMESTAMP: 2024-06-27 19:34:48
2024-06-27 19:34:48 debug: CHAIN_ID: 169 ORDER_ID: 69284        || BUY  1213  NOTUSDT              IS_FIRST_ORDER: true , PREV_PRICE: 0.01500     , CURR_PRICE: 0.01649     , PERCENT_CHANGE: 9.96%   , POSITION_AMT: 3639   , AMOUNT: 20.007    , QUANTITY_PRECISION: 0 , TIMESTAMP: 2024-06-27 19:34:48
2024-06-27 19:34:48 debug: CHAIN_ID: 169 ORDER_ID: 14916        || BUY  4368  TURBOUSDT            IS_FIRST_ORDER: true , PREV_PRICE: 0.00420     , CURR_PRICE: 0.00458     , PERCENT_CHANGE: 9.08%   , POSITION_AMT: 41345  , AMOUNT: 20.001    , QUANTITY_PRECISION: 0 , TIMESTAMP: 2024-06-27 19:34:48
2024-06-27 19:34:48 debug: CHAIN_ID: 169 ORDER_ID: 55611004     || BUY  3.4   DOTUSDT              IS_FIRST_ORDER: true , PREV_PRICE: 5.86800     , CURR_PRICE: 5.93000     , PERCENT_CHANGE: 1.06%   , POSITION_AMT: 13.4   , AMOUNT: 20.162    , QUANTITY_PRECISION: 1 , TIMESTAMP: 2024-06-27 19:34:48
2024-06-27 19:34:48 debug: CHAIN_ID: 169 ORDER_ID: 16390156     || BUY  15    MTLUSDT              IS_FIRST_ORDER: true , PREV_PRICE: 1.00040     , CURR_PRICE: 1.30540     , PERCENT_CHANGE: 30.49%  , POSITION_AMT: 0      , AMOUNT: 19.581    , QUANTITY_PRECISION: 0 , TIMESTAMP: 2024-06-27 19:34:48
2024-06-27 19:34:48 debug: CHAIN_ID: 169 ORDER_ID: 13966530     || BUY  24.2  LITUSDT              IS_FIRST_ORDER: true , PREV_PRICE: 0.78000     , CURR_PRICE: 0.82600     , PERCENT_CHANGE: 5.90%   , POSITION_AMT: 96.8   , AMOUNT: 19.989    , QUANTITY_PRECISION: 1 , TIMESTAMP: 2024-06-27 19:34:48
2024-06-27 19:34:48 debug: CHAIN_ID: 169 ORDER_ID: 11881740     || BUY  802   TUSDT                IS_FIRST_ORDER: true , PREV_PRICE: 0.02495     , CURR_PRICE: 0.02495     , PERCENT_CHANGE: 0.00%   , POSITION_AMT: 3208   , AMOUNT: 20.010    , QUANTITY_PRECISION: 0 , TIMESTAMP: 2024-06-27 19:34:48
2024-06-27 19:35:49 debug: CHAIN_ID: 169 ORDER_ID: 1038683213   || BUY  0.049 BCHUSDT              IS_FIRST_ORDER: true , PREV_PRICE: 395.45000   , CURR_PRICE: 410.00000   , PERCENT_CHANGE: 3.68%   , POSITION_AMT: 0      , AMOUNT: 20.090    , QUANTITY_PRECISION: 3 , TIMESTAMP: 2024-06-27 19:35:49
2024-06-27 19:36:28 debug: CHAIN_ID: 169 ORDER_ID: 258316520    || BUY  38.5  XRPUSDT              IS_FIRST_ORDER: true , PREV_PRICE: 0.50400     , CURR_PRICE: 0.52000     , PERCENT_CHANGE: 3.17%   , POSITION_AMT: 0      , AMOUNT: 20.020    , QUANTITY_PRECISION: 1 , TIMESTAMP: 2024-06-27 19:36:28
2024-06-27 19:37:29 debug: CHAIN_ID: 169 ORDER_ID: 3399197      || BUY  1633  1000PEPEUSDT         IS_FIRST_ORDER: true , PREV_PRICE: 0.01173     , CURR_PRICE: 0.01225     , PERCENT_CHANGE: 4.46%   , POSITION_AMT: 55     , AMOUNT: 20.005    , QUANTITY_PRECISION: 0 , TIMESTAMP: 2024-06-27 19:37:29
2024-06-27 19:40:10 info: -4131 - The counterparty's best price does not meet the PERCENT_PRICE filter limit., symbol: INJUSDT, quantity: 0.8, side: SELL
2024-06-27 19:40:10 info: -4131 - The counterparty's best price does not meet the PERCENT_PRICE filter limit., symbol: ETCUSDT, quantity: 0.37, side: SELL
2024-06-27 19:40:10 info: -4131 - The counterparty's best price does not meet the PERCENT_PRICE filter limit., symbol: XMRUSDT, quantity: 32.778, side: SELL
2024-06-27 19:40:10 info: -4131 - The counterparty's best price does not meet the PERCENT_PRICE filter limit., symbol: IOTXUSDT, quantity: 1901, side: SELL
2024-06-27 19:40:10 info: -4131 - The counterparty's best price does not meet the PERCENT_PRICE filter limit., symbol: UMAUSDT, quantity: 35, side: SELL
2024-06-27 19:40:10 info: -4131 - The counterparty's best price does not meet the PERCENT_PRICE filter limit., symbol: BNXUSDT, quantity: 96.7, side: SELL
2024-06-27 19:40:10 info: orderId: 16390157, symbol: MTLUSDT, quantity: 15, side: SELL
2024-06-27 19:40:10 info: orderId: 77314, symbol: ENAUSDT, quantity: 31, side: SELL
2024-06-27 19:40:10 info: -4131 - The counterparty's best price does not meet the PERCENT_PRICE filter limit., symbol: STMXUSDT, quantity: 19340, side: SELL
2024-06-27 19:40:10 info: -4131 - The counterparty's best price does not meet the PERCENT_PRICE filter limit., symbol: KNCUSDT, quantity: 185, side: SELL
2024-06-27 19:40:10 info: -4131 - The counterparty's best price does not meet the PERCENT_PRICE filter limit., symbol: ZECUSDT, quantity: 4.65, side: SELL
2024-06-27 19:40:10 info: -4131 - The counterparty's best price does not meet the PERCENT_PRICE filter limit., symbol: TUSDT, quantity: 4010, side: SELL
2024-06-27 19:40:10 info: orderId: 1517085, symbol: 1000SATSUSDT, quantity: 114286, side: SELL
2024-06-27 19:40:10 info: orderId: 258316538, symbol: XRPUSDT, quantity: 38.5, side: SELL
2024-06-27 19:40:10 info: -4131 - The counterparty's best price does not meet the PERCENT_PRICE filter limit., symbol: DOTUSDT, quantity: 16.8, side: SELL
2024-06-27 19:40:10 info: -4164 - Order's notional must be no smaller than 5 (unless you choose reduce only)., symbol: LSKUSDT, quantity: 1, side: SELL
2024-06-27 19:40:10 info: -4131 - The counterparty's best price does not meet the PERCENT_PRICE filter limit., symbol: LITUSDT, quantity: 121, side: SELL
2024-06-27 19:40:10 info: -4131 - The counterparty's best price does not meet the PERCENT_PRICE filter limit., symbol: NOTUSDT, quantity: 4852, side: SELL
2024-06-27 19:40:10 info: -4131 - The counterparty's best price does not meet the PERCENT_PRICE filter limit., symbol: PHBUSDT, quantity: 552, side: SELL
2024-06-27 19:40:10 info: -4131 - The counterparty's best price does not meet the PERCENT_PRICE filter limit., symbol: SUIUSDT, quantity: 47.9, side: SELL
2024-06-27 19:40:10 info: -4131 - The counterparty's best price does not meet the PERCENT_PRICE filter limit., symbol: DENTUSDT, quantity: 91075, side: SELL
2024-06-27 19:40:10 info: -4131 - The counterparty's best price does not meet the PERCENT_PRICE filter limit., symbol: CKBUSDT, quantity: 9453, side: SELL
2024-06-27 19:40:10 info: -4131 - The counterparty's best price does not meet the PERCENT_PRICE filter limit., symbol: SSVUSDT, quantity: 3.63, side: SELL
2024-06-27 19:40:10 info: -4131 - The counterparty's best price does not meet the PERCENT_PRICE filter limit., symbol: TOKENUSDT, quantity: 31414, side: SELL
2024-06-27 19:40:10 info: orderId: 1038683223, symbol: BCHUSDT, quantity: 0.049, side: SELL
2024-06-27 19:40:10 info: -4131 - The counterparty's best price does not meet the PERCENT_PRICE filter limit., symbol: TURBOUSDT, quantity: 45713, side: SELL
2024-06-27 19:40:10 info: -4131 - The counterparty's best price does not meet the PERCENT_PRICE filter limit., symbol: MKRUSDT, quantity: 0.04, side: SELL
2024-06-27 19:40:10 info: -4131 - The counterparty's best price does not meet the PERCENT_PRICE filter limit., symbol: UNIUSDT, quantity: 25, side: SELL
2024-06-27 19:40:10 info: -4164 - Order's notional must be no smaller than 5 (unless you choose reduce only)., symbol: 1000PEPEUSDT, quantity: 104, side: SELL
2024-06-27 19:40:10 info: -4131 - The counterparty's best price does not meet the PERCENT_PRICE filter limit., symbol: 1000RATSUSDT, quantity: 254, side: SELL
2024-06-27 19:40:10 info: -4131 - The counterparty's best price does not meet the PERCENT_PRICE filter limit., symbol: FETUSDT, quantity: 65, side: SELL
2024-06-27 19:40:10 info: -4131 - The counterparty's best price does not meet the PERCENT_PRICE filter limit., symbol: KASUSDT, quantity: 132, side: SELL
2024-06-27 20:07:53 error: NAME: TypeError | MESSAGE: Cannot read properties of undefined (reading 'data') | CAUSE: undefined | STACK: at async Timeout._onTimeout (/home/ann/Documents/freelancer/bot-binance/server/src/loaders/create-interval.ts:42:25)  -  at processTicksAndRejections (node:internal/process/task_queues:95:5)  -  at Object.getPositions (/home/ann/Documents/freelancer/bot-binance/server/src/services/binance.service.ts:55:15)
2024-06-27 20:19:22 error: NAME: Error | MESSAGE: {"code":-1021,"msg":"Timestamp for this request is outside of the recvWindow."} | CAUSE: undefined | STACK: at async Timeout._onTimeout (/home/ann/Documents/freelancer/bot-binance/server/src/loaders/create-interval.ts:41:23)  -  at processTicksAndRejections (node:internal/process/task_queues:95:5)  -  at Object.getAccountInfo (/home/ann/Documents/freelancer/bot-binance/server/src/services/binance.service.ts:70:15)
