{"level":"info","message":"-4131 - The counterparty's best price does not meet the PERCENT_PRICE filter limit., symbol: HIGHUSDT, quantity: 56, side: SELL"}
{"level":"info","message":"-4131 - The counterparty's best price does not meet the PERCENT_PRICE filter limit., symbol: ETCUSDT, quantity: 3.33, side: SELL"}
{"level":"info","message":"-4131 - The counterparty's best price does not meet the PERCENT_PRICE filter limit., symbol: XMRUSDT, quantity: 31.6, side: SELL"}
{"level":"info","message":"-4131 - The counterparty's best price does not meet the PERCENT_PRICE filter limit., symbol: BNXUSDT, quantity: 19.7, side: SELL"}
{"level":"info","message":"orderId: 60833, symbol: GLMUSDT, quantity: 36, side: SELL"}
{"level":"info","message":"-4131 - The counterparty's best price does not meet the PERCENT_PRICE filter limit., symbol: MTLUSDT, quantity: 10, side: SELL"}
{"level":"info","message":"orderId: 669684373, symbol: LTCUSDT, quantity: 0.532, side: SELL"}
{"level":"info","message":"orderId: 11235971, symbol: STGUSDT, quantity: 52, side: SELL"}
{"level":"info","message":"-4131 - The counterparty's best price does not meet the PERCENT_PRICE filter limit., symbol: TUSDT, quantity: 5879, side: SELL"}
{"level":"info","message":"-4131 - The counterparty's best price does not meet the PERCENT_PRICE filter limit., symbol: XVSUSDT, quantity: 146.5, side: SELL"}
{"level":"info","message":"-4164 - Order's notional must be no smaller than 5 (unless you choose reduce only)., symbol: LSKUSDT, quantity: 1, side: SELL"}
{"level":"info","message":"orderId: 4754002, symbol: STEEMUSDT, quantity: 70, side: SELL"}
{"level":"info","message":"-4131 - The counterparty's best price does not meet the PERCENT_PRICE filter limit., symbol: PHBUSDT, quantity: 138, side: SELL"}
{"level":"info","message":"orderId: 22108921, symbol: MASKUSDT, quantity: 5, side: SELL"}
{"level":"info","message":"orderId: 11124914, symbol: SSVUSDT, quantity: 2.00, side: SELL"}
{"level":"info","message":"-4131 - The counterparty's best price does not meet the PERCENT_PRICE filter limit., symbol: TOKENUSDT, quantity: 29295, side: SELL"}
{"level":"info","message":"orderId: 44934419, symbol: NEARUSDT, quantity: 12, side: SELL"}
{"level":"info","message":"-4131 - The counterparty's best price does not meet the PERCENT_PRICE filter limit., symbol: MOVRUSDT, quantity: 6, side: SELL"}
{"level":"info","message":"-4131 - The counterparty's best price does not meet the PERCENT_PRICE filter limit., symbol: XVGUSDT, quantity: 12716, side: SELL"}
{"level":"info","message":"orderId: 60408931, symbol: UNIUSDT, quantity: 2, side: SELL"}
{"level":"info","message":"-4131 - The counterparty's best price does not meet the PERCENT_PRICE filter limit., symbol: FTMUSDT, quantity: 112, side: SELL"}
{"level":"error","message":"NAME: TypeError | MESSAGE: Cannot read properties of undefined (reading 'data') | CAUSE: undefined | STACK: at async Timeout._onTimeout (/home/ann/Documents/freelancer/bot-binance/server/src/loaders/create-interval.ts:39:23)  -  at processTicksAndRejections (node:internal/process/task_queues:95:5)  -  at Object.getAccountInfo (/home/ann/Documents/freelancer/bot-binance/server/src/services/binance.service.ts:70:15)"}
{"level":"info","message":"-4131 - The counterparty's best price does not meet the PERCENT_PRICE filter limit., symbol: HIGHUSDT, quantity: 56, side: SELL"}
{"level":"info","message":"-4131 - The counterparty's best price does not meet the PERCENT_PRICE filter limit., symbol: XMRUSDT, quantity: 31.6, side: SELL"}
{"level":"info","message":"-4131 - The counterparty's best price does not meet the PERCENT_PRICE filter limit., symbol: BNXUSDT, quantity: 19.7, side: SELL"}
{"level":"info","message":"orderId: 2287566, symbol: ETHUSDT_240927, quantity: 0.013, side: SELL"}
{"level":"info","message":"-4131 - The counterparty's best price does not meet the PERCENT_PRICE filter limit., symbol: TUSDT, quantity: 5879, side: SELL"}
{"level":"info","message":"orderId: 11200588, symbol: GMXUSDT, quantity: 1.18, side: SELL"}
{"level":"info","message":"-4164 - Order's notional must be no smaller than 5 (unless you choose reduce only)., symbol: LSKUSDT, quantity: 1, side: SELL"}
{"level":"info","message":"orderId: 1383767018, symbol: ETHUSDT, quantity: 0.013, side: SELL"}
{"level":"info","message":"orderId: 127427988, symbol: LINKUSDT, quantity: 0.62, side: SELL"}
{"level":"info","message":"-4131 - The counterparty's best price does not meet the PERCENT_PRICE filter limit., symbol: JASMYUSDT, quantity: 1360, side: SELL"}
{"level":"info","message":"-4131 - The counterparty's best price does not meet the PERCENT_PRICE filter limit., symbol: PHBUSDT, quantity: 276, side: SELL"}
{"level":"info","message":"-4164 - Order's notional must be no smaller than 5 (unless you choose reduce only)., symbol: MASKUSDT, quantity: 1, side: SELL"}
{"level":"info","message":"-4131 - The counterparty's best price does not meet the PERCENT_PRICE filter limit., symbol: SSVUSDT, quantity: 1.48, side: SELL"}
{"level":"info","message":"-4131 - The counterparty's best price does not meet the PERCENT_PRICE filter limit., symbol: TOKENUSDT, quantity: 29295, side: SELL"}
{"level":"info","message":"orderId: 64836, symbol: BOMEUSDT, quantity: 4167, side: SELL"}
{"level":"info","message":"-4131 - The counterparty's best price does not meet the PERCENT_PRICE filter limit., symbol: MOVRUSDT, quantity: 6, side: SELL"}
{"level":"info","message":"-4131 - The counterparty's best price does not meet the PERCENT_PRICE filter limit., symbol: PEOPLEUSDT, quantity: 526, side: SELL"}
{"level":"info","message":"orderId: 3320182, symbol: 1000PEPEUSDT, quantity: 357, side: SELL"}
{"level":"info","message":"-4131 - The counterparty's best price does not meet the PERCENT_PRICE filter limit., symbol: HIGHUSDT, quantity: 56, side: SELL"}
{"level":"info","message":"orderId: 477549793, symbol: BNBUSDT, quantity: 0.16, side: SELL"}
{"level":"info","message":"-4131 - The counterparty's best price does not meet the PERCENT_PRICE filter limit., symbol: XMRUSDT, quantity: 31.6, side: SELL"}
{"level":"info","message":"orderId: 6996265, symbol: BNXUSDT, quantity: 19.7, side: SELL"}
{"level":"info","message":"orderId: 2287580, symbol: ETHUSDT_240927, quantity: 0.013, side: SELL"}
{"level":"info","message":"-4131 - The counterparty's best price does not meet the PERCENT_PRICE filter limit., symbol: TUSDT, quantity: 5879, side: SELL"}
{"level":"info","message":"-4164 - Order's notional must be no smaller than 5 (unless you choose reduce only)., symbol: LSKUSDT, quantity: 1, side: SELL"}
{"level":"info","message":"orderId: 1383776097, symbol: ETHUSDT, quantity: 0.027, side: SELL"}
{"level":"info","message":"orderId: 127428012, symbol: LINKUSDT, quantity: 2.49, side: SELL"}
{"level":"info","message":"-4131 - The counterparty's best price does not meet the PERCENT_PRICE filter limit., symbol: JASMYUSDT, quantity: 680, side: SELL"}
{"level":"info","message":"-4131 - The counterparty's best price does not meet the PERCENT_PRICE filter limit., symbol: PHBUSDT, quantity: 552, side: SELL"}
{"level":"info","message":"-4164 - Order's notional must be no smaller than 5 (unless you choose reduce only)., symbol: MASKUSDT, quantity: 1, side: SELL"}
{"level":"info","message":"-4131 - The counterparty's best price does not meet the PERCENT_PRICE filter limit., symbol: SSVUSDT, quantity: 1.48, side: SELL"}
{"level":"info","message":"-4131 - The counterparty's best price does not meet the PERCENT_PRICE filter limit., symbol: TOKENUSDT, quantity: 29295, side: SELL"}
{"level":"info","message":"-4131 - The counterparty's best price does not meet the PERCENT_PRICE filter limit., symbol: MOVRUSDT, quantity: 6, side: SELL"}
{"level":"info","message":"-4131 - The counterparty's best price does not meet the PERCENT_PRICE filter limit., symbol: PEOPLEUSDT, quantity: 1052, side: SELL"}
{"level":"info","message":"-4131 - The counterparty's best price does not meet the PERCENT_PRICE filter limit., symbol: HIGHUSDT, quantity: 67.8, side: SELL"}
{"level":"info","message":"-4131 - The counterparty's best price does not meet the PERCENT_PRICE filter limit., symbol: XMRUSDT, quantity: 31.6, side: SELL"}
{"level":"info","message":"-4131 - The counterparty's best price does not meet the PERCENT_PRICE filter limit., symbol: ALICEUSDT, quantity: 60.6, side: SELL"}
{"level":"info","message":"orderId: 669691549, symbol: LTCUSDT, quantity: 0.610, side: SELL"}
{"level":"info","message":"-4131 - The counterparty's best price does not meet the PERCENT_PRICE filter limit., symbol: TUSDT, quantity: 5879, side: SELL"}
{"level":"info","message":"orderId: 18238439, symbol: LINAUSDT, quantity: 10121, side: SELL"}
{"level":"info","message":"-4164 - Order's notional must be no smaller than 5 (unless you choose reduce only)., symbol: LSKUSDT, quantity: 1, side: SELL"}
{"level":"info","message":"orderId: 1384687533, symbol: ETHUSDT, quantity: 0.026, side: SELL"}
{"level":"info","message":"-4131 - The counterparty's best price does not meet the PERCENT_PRICE filter limit., symbol: PHBUSDT, quantity: 552, side: SELL"}
{"level":"info","message":"-4131 - The counterparty's best price does not meet the PERCENT_PRICE filter limit., symbol: IMXUSDT, quantity: 45, side: SELL"}
{"level":"info","message":"orderId: 22110866, symbol: MASKUSDT, quantity: 54, side: SELL"}
{"level":"info","message":"-4131 - The counterparty's best price does not meet the PERCENT_PRICE filter limit., symbol: SSVUSDT, quantity: 1.48, side: SELL"}
{"level":"info","message":"-4131 - The counterparty's best price does not meet the PERCENT_PRICE filter limit., symbol: TOKENUSDT, quantity: 30221, side: SELL"}
{"level":"info","message":"orderId: 174524, symbol: WIFUSDT, quantity: 31.1, side: SELL"}
{"level":"info","message":"-4131 - The counterparty's best price does not meet the PERCENT_PRICE filter limit., symbol: MOVRUSDT, quantity: 6, side: SELL"}
{"level":"info","message":"-4131 - The counterparty's best price does not meet the PERCENT_PRICE filter limit., symbol: AXSUSDT, quantity: 12, side: SELL"}
{"level":"info","message":"-4131 - The counterparty's best price does not meet the PERCENT_PRICE filter limit., symbol: HIGHUSDT, quantity: 79.6, side: SELL"}
{"level":"info","message":"-4131 - The counterparty's best price does not meet the PERCENT_PRICE filter limit., symbol: XMRUSDT, quantity: 31.6, side: SELL"}
{"level":"info","message":"-4131 - The counterparty's best price does not meet the PERCENT_PRICE filter limit., symbol: ALICEUSDT, quantity: 121.2, side: SELL"}
{"level":"info","message":"orderId: 669691577, symbol: LTCUSDT, quantity: 1.220, side: SELL"}
{"level":"info","message":"-4131 - The counterparty's best price does not meet the PERCENT_PRICE filter limit., symbol: TUSDT, quantity: 5879, side: SELL"}
{"level":"info","message":"-4131 - The counterparty's best price does not meet the PERCENT_PRICE filter limit., symbol: LINAUSDT, quantity: 10120, side: SELL"}
{"level":"info","message":"-4164 - Order's notional must be no smaller than 5 (unless you choose reduce only)., symbol: LSKUSDT, quantity: 1, side: SELL"}
{"level":"info","message":"orderId: 1384709825, symbol: ETHUSDT, quantity: 0.026, side: SELL"}
{"level":"info","message":"-4131 - The counterparty's best price does not meet the PERCENT_PRICE filter limit., symbol: PHBUSDT, quantity: 552, side: SELL"}
{"level":"info","message":"-4131 - The counterparty's best price does not meet the PERCENT_PRICE filter limit., symbol: IMXUSDT, quantity: 90, side: SELL"}
{"level":"info","message":"-4131 - The counterparty's best price does not meet the PERCENT_PRICE filter limit., symbol: SSVUSDT, quantity: 1.48, side: SELL"}
{"level":"info","message":"-4131 - The counterparty's best price does not meet the PERCENT_PRICE filter limit., symbol: TOKENUSDT, quantity: 31147, side: SELL"}
{"level":"info","message":"-4131 - The counterparty's best price does not meet the PERCENT_PRICE filter limit., symbol: MOVRUSDT, quantity: 6, side: SELL"}
{"level":"info","message":"-4131 - The counterparty's best price does not meet the PERCENT_PRICE filter limit., symbol: AXSUSDT, quantity: 24, side: SELL"}
{"level":"error","message":"NAME: TypeError | MESSAGE: Cannot read properties of undefined (reading 'data') | CAUSE: undefined | STACK: at async Timeout._onTimeout (/home/ann/Documents/freelancer/bot-binance/server/src/loaders/create-interval.ts:39:23)  -  at processTicksAndRejections (node:internal/process/task_queues:95:5)  -  at Object.getAccountInfo (/home/ann/Documents/freelancer/bot-binance/server/src/services/binance.service.ts:70:15)"}
{"level":"error","message":"NAME: TypeError | MESSAGE: Cannot read properties of undefined (reading 'data') | CAUSE: undefined | STACK: at async Timeout._onTimeout (/home/ann/Documents/freelancer/bot-binance/server/src/loaders/create-interval.ts:39:23)  -  at processTicksAndRejections (node:internal/process/task_queues:95:5)  -  at Object.getAccountInfo (/home/ann/Documents/freelancer/bot-binance/server/src/services/binance.service.ts:70:15)"}
{"level":"error","message":"NAME: Error | MESSAGE: {\"code\":-1021,\"msg\":\"Timestamp for this request is outside of the recvWindow.\"} | CAUSE: undefined | STACK: at async Timeout._onTimeout (/home/ann/Documents/freelancer/bot-binance/server/src/loaders/create-interval.ts:39:23)  -  at processTicksAndRejections (node:internal/process/task_queues:95:5)  -  at Object.getAccountInfo (/home/ann/Documents/freelancer/bot-binance/server/src/services/binance.service.ts:70:15)"}
{"level":"info","message":"-4131 - The counterparty's best price does not meet the PERCENT_PRICE filter limit., symbol: IMXUSDT, quantity: 90, side: SELL"}
{"level":"info","message":"orderId: 1038631117, symbol: BCHUSDT, quantity: 0.268, side: SELL"}
{"level":"info","message":"-4131 - The counterparty's best price does not meet the PERCENT_PRICE filter limit., symbol: PHBUSDT, quantity: 552, side: SELL"}
{"level":"info","message":"-4131 - The counterparty's best price does not meet the PERCENT_PRICE filter limit., symbol: HIGHUSDT, quantity: 79.6, side: SELL"}
{"level":"info","message":"-4131 - The counterparty's best price does not meet the PERCENT_PRICE filter limit., symbol: SSVUSDT, quantity: 1.48, side: SELL"}
{"level":"info","message":"-4131 - The counterparty's best price does not meet the PERCENT_PRICE filter limit., symbol: TUSDT, quantity: 5879, side: SELL"}
{"level":"info","message":"-4164 - Order's notional must be no smaller than 5 (unless you choose reduce only)., symbol: LSKUSDT, quantity: 1, side: SELL"}
{"level":"info","message":"-4131 - The counterparty's best price does not meet the PERCENT_PRICE filter limit., symbol: GMXUSDT, quantity: 2, side: SELL"}
{"level":"info","message":"-4131 - The counterparty's best price does not meet the PERCENT_PRICE filter limit., symbol: MOVRUSDT, quantity: 6, side: SELL"}
{"level":"info","message":"orderId: 736633941, symbol: DASHUSDT, quantity: 3.226, side: SELL"}
{"level":"info","message":"-4131 - The counterparty's best price does not meet the PERCENT_PRICE filter limit., symbol: XMRUSDT, quantity: 31.6, side: SELL"}
{"level":"info","message":"-4131 - The counterparty's best price does not meet the PERCENT_PRICE filter limit., symbol: TOKENUSDT, quantity: 31147, side: SELL"}
{"level":"info","message":"orderId: 56920731, symbol: SOLUSDT, quantity: 1, side: SELL"}
{"level":"info","message":"-4131 - The counterparty's best price does not meet the PERCENT_PRICE filter limit., symbol: API3USDT, quantity: 26.3, side: SELL"}
{"level":"error","message":"NAME: Error | MESSAGE: {\"code\":-1021,\"msg\":\"Timestamp for this request is outside of the recvWindow.\"} | CAUSE: undefined | STACK: at async Timeout._onTimeout (/home/ann/Documents/freelancer/bot-binance/server/src/loaders/create-interval.ts:40:25)  -  at processTicksAndRejections (node:internal/process/task_queues:95:5)  -  at Object.getPositions (/home/ann/Documents/freelancer/bot-binance/server/src/services/binance.service.ts:55:15)"}
{"level":"info","message":"-4131 - The counterparty's best price does not meet the PERCENT_PRICE filter limit., symbol: INJUSDT, quantity: 3.4, side: SELL"}
{"level":"info","message":"-4131 - The counterparty's best price does not meet the PERCENT_PRICE filter limit., symbol: HIGHUSDT, quantity: 93, side: SELL"}
{"level":"info","message":"orderId: 478783917, symbol: BNBUSDT, quantity: 0.12, side: SELL"}
{"level":"info","message":"-4131 - The counterparty's best price does not meet the PERCENT_PRICE filter limit., symbol: XMRUSDT, quantity: 31.6, side: SELL"}
{"level":"info","message":"orderId: 669696985, symbol: LTCUSDT, quantity: 1.220, side: SELL"}
{"level":"info","message":"-4131 - The counterparty's best price does not meet the PERCENT_PRICE filter limit., symbol: TUSDT, quantity: 5879, side: SELL"}
{"level":"info","message":"orderId: 11203038, symbol: GMXUSDT, quantity: 2.00, side: SELL"}
{"level":"info","message":"-4131 - The counterparty's best price does not meet the PERCENT_PRICE filter limit., symbol: API3USDT, quantity: 52.6, side: SELL"}
{"level":"info","message":"-4164 - Order's notional must be no smaller than 5 (unless you choose reduce only)., symbol: LSKUSDT, quantity: 1, side: SELL"}
{"level":"info","message":"orderId: 209643, symbol: ORDIUSDT, quantity: 1.5, side: SELL"}
{"level":"info","message":"-4131 - The counterparty's best price does not meet the PERCENT_PRICE filter limit., symbol: PHBUSDT, quantity: 552, side: SELL"}
{"level":"info","message":"-4131 - The counterparty's best price does not meet the PERCENT_PRICE filter limit., symbol: IMXUSDT, quantity: 90, side: SELL"}
{"level":"info","message":"-4131 - The counterparty's best price does not meet the PERCENT_PRICE filter limit., symbol: SSVUSDT, quantity: 1.48, side: SELL"}
{"level":"info","message":"-4131 - The counterparty's best price does not meet the PERCENT_PRICE filter limit., symbol: TOKENUSDT, quantity: 31147, side: SELL"}
{"level":"info","message":"orderId: 1038631242, symbol: BCHUSDT, quantity: 0.363, side: SELL"}
{"level":"info","message":"-4131 - The counterparty's best price does not meet the PERCENT_PRICE filter limit., symbol: MOVRUSDT, quantity: 6, side: SELL"}
{"level":"info","message":"orderId: 1038631249, symbol: BCHUSDT, quantity: 0.382, side: SELL"}
{"level":"info","message":"-4131 - The counterparty's best price does not meet the PERCENT_PRICE filter limit., symbol: SSVUSDT, quantity: 1.48, side: SELL"}
{"level":"info","message":"-4131 - The counterparty's best price does not meet the PERCENT_PRICE filter limit., symbol: API3USDT, quantity: 78.9, side: SELL"}
{"level":"info","message":"orderId: 209646, symbol: ORDIUSDT, quantity: 3.0, side: SELL"}
{"level":"info","message":"orderId: 736633957, symbol: DASHUSDT, quantity: 1.613, side: SELL"}
{"level":"info","message":"-4131 - The counterparty's best price does not meet the PERCENT_PRICE filter limit., symbol: TOKENUSDT, quantity: 31147, side: SELL"}
{"level":"info","message":"-4131 - The counterparty's best price does not meet the PERCENT_PRICE filter limit., symbol: INJUSDT, quantity: 6.8, side: SELL"}
{"level":"info","message":"-4131 - The counterparty's best price does not meet the PERCENT_PRICE filter limit., symbol: IMXUSDT, quantity: 90, side: SELL"}
{"level":"info","message":"orderId: 478783927, symbol: BNBUSDT, quantity: 0.09, side: SELL"}
{"level":"info","message":"-4131 - The counterparty's best price does not meet the PERCENT_PRICE filter limit., symbol: PHBUSDT, quantity: 552, side: SELL"}
{"level":"info","message":"-4131 - The counterparty's best price does not meet the PERCENT_PRICE filter limit., symbol: XMRUSDT, quantity: 31.6, side: SELL"}
{"level":"info","message":"-4131 - The counterparty's best price does not meet the PERCENT_PRICE filter limit., symbol: TUSDT, quantity: 5879, side: SELL"}
{"level":"info","message":"-4164 - Order's notional must be no smaller than 5 (unless you choose reduce only)., symbol: LSKUSDT, quantity: 1, side: SELL"}
{"level":"info","message":"-4131 - The counterparty's best price does not meet the PERCENT_PRICE filter limit., symbol: MOVRUSDT, quantity: 6, side: SELL"}
{"level":"info","message":"-4131 - The counterparty's best price does not meet the PERCENT_PRICE filter limit., symbol: HIGHUSDT, quantity: 106.4, side: SELL"}
{"level":"info","message":"orderId: 16116293, symbol: INJUSDT, quantity: 3.4, side: SELL"}
{"level":"info","message":"orderId: 7636587, symbol: HIGHUSDT, quantity: 119.8, side: SELL"}
{"level":"info","message":"orderId: 478784269, symbol: BNBUSDT, quantity: 0.12, side: SELL"}
{"level":"info","message":"-4131 - The counterparty's best price does not meet the PERCENT_PRICE filter limit., symbol: XMRUSDT, quantity: 31.6, side: SELL"}
{"level":"info","message":"orderId: 736634019, symbol: DASHUSDT, quantity: 3.024, side: SELL"}
{"level":"info","message":"orderId: 669697295, symbol: LTCUSDT, quantity: 0.610, side: SELL"}
{"level":"info","message":"orderId: 11875260, symbol: TUSDT, quantity: 5879, side: SELL"}
{"level":"info","message":"-4131 - The counterparty's best price does not meet the PERCENT_PRICE filter limit., symbol: API3USDT, quantity: 106.5, side: SELL"}
{"level":"info","message":"-4164 - Order's notional must be no smaller than 5 (unless you choose reduce only)., symbol: LSKUSDT, quantity: 1, side: SELL"}
{"level":"info","message":"orderId: 109673477, symbol: ADAUSDT, quantity: 108, side: SELL"}
{"level":"info","message":"orderId: 209829, symbol: ORDIUSDT, quantity: 0.7, side: SELL"}
{"level":"info","message":"-4131 - The counterparty's best price does not meet the PERCENT_PRICE filter limit., symbol: PHBUSDT, quantity: 552, side: SELL"}
{"level":"info","message":"orderId: 17938024, symbol: IMXUSDT, quantity: 45, side: SELL"}
{"level":"info","message":"orderId: 22112152, symbol: MASKUSDT, quantity: 31, side: SELL"}
{"level":"info","message":"orderId: 11129415, symbol: SSVUSDT, quantity: 1.48, side: SELL"}
{"level":"info","message":"orderId: 142447, symbol: TOKENUSDT, quantity: 31147, side: SELL"}
{"level":"info","message":"orderId: 1038631550, symbol: BCHUSDT, quantity: 0.185, side: SELL"}
{"level":"info","message":"orderId: 180477, symbol: WIFUSDT, quantity: 14.5, side: SELL"}
{"level":"info","message":"-4131 - The counterparty's best price does not meet the PERCENT_PRICE filter limit., symbol: MOVRUSDT, quantity: 6, side: SELL"}
{"level":"info","message":"-4131 - The counterparty's best price does not meet the PERCENT_PRICE filter limit., symbol: 1000PEPEUSDT, quantity: 632, side: SELL"}
{"level":"info","message":"-4131 - The counterparty's best price does not meet the PERCENT_PRICE filter limit., symbol: HIGHUSDT, quantity: 128.3, side: SELL"}
{"level":"info","message":"-4131 - The counterparty's best price does not meet the PERCENT_PRICE filter limit., symbol: XMRUSDT, quantity: 31.6, side: SELL"}
{"level":"info","message":"orderId: 93253074, symbol: DOGEUSDT, quantity: 680, side: SELL"}
{"level":"info","message":"-4131 - The counterparty's best price does not meet the PERCENT_PRICE filter limit., symbol: API3USDT, quantity: 106.5, side: SELL"}
{"level":"info","message":"-4164 - Order's notional must be no smaller than 5 (unless you choose reduce only)., symbol: LSKUSDT, quantity: 1, side: SELL"}
{"level":"info","message":"orderId: 1389261912, symbol: ETHUSDT, quantity: 0.013, side: SELL"}
{"level":"info","message":"-4131 - The counterparty's best price does not meet the PERCENT_PRICE filter limit., symbol: PHBUSDT, quantity: 552, side: SELL"}
{"level":"info","message":"orderId: 22112161, symbol: MASKUSDT, quantity: 56, side: SELL"}
{"level":"info","message":"-4131 - The counterparty's best price does not meet the PERCENT_PRICE filter limit., symbol: TOKENUSDT, quantity: 30314, side: SELL"}
{"level":"info","message":"-4131 - The counterparty's best price does not meet the PERCENT_PRICE filter limit., symbol: MOVRUSDT, quantity: 6, side: SELL"}
{"level":"info","message":"-4131 - The counterparty's best price does not meet the PERCENT_PRICE filter limit., symbol: 1000PEPEUSDT, quantity: 632, side: SELL"}
{"level":"info","message":"-4131 - The counterparty's best price does not meet the PERCENT_PRICE filter limit., symbol: TOKENUSDT, quantity: 30314, side: SELL"}
{"level":"info","message":"-4131 - The counterparty's best price does not meet the PERCENT_PRICE filter limit., symbol: MOVRUSDT, quantity: 6, side: SELL"}
{"level":"info","message":"-4131 - The counterparty's best price does not meet the PERCENT_PRICE filter limit., symbol: HIGHUSDT, quantity: 138.4, side: SELL"}
{"level":"info","message":"-4131 - The counterparty's best price does not meet the PERCENT_PRICE filter limit., symbol: API3USDT, quantity: 106.5, side: SELL"}
{"level":"info","message":"-4164 - Order's notional must be no smaller than 5 (unless you choose reduce only)., symbol: LSKUSDT, quantity: 1, side: SELL"}
{"level":"info","message":"orderId: 93253122, symbol: DOGEUSDT, quantity: 1016, side: SELL"}
{"level":"info","message":"-4131 - The counterparty's best price does not meet the PERCENT_PRICE filter limit., symbol: XMRUSDT, quantity: 31.6, side: SELL"}
{"level":"info","message":"-4131 - The counterparty's best price does not meet the PERCENT_PRICE filter limit., symbol: 1000PEPEUSDT, quantity: 632, side: SELL"}
{"level":"info","message":"-4131 - The counterparty's best price does not meet the PERCENT_PRICE filter limit., symbol: PHBUSDT, quantity: 552, side: SELL"}
